This file contains any messages produced by compilers while
running configure, to aid debugging if configure makes a mistake.

It was created by cairo configure 1.12.0, which was
generated by GNU Autoconf 2.68.  Invocation command line was

  $ ./configure --prefix=/Users/tlinton/Library/Emscripten/emscripten/1.8.2/system/

## --------- ##
## Platform. ##
## --------- ##

hostname = Trevors-MacBook-Pro.local
uname -m = x86_64
uname -r = 13.0.0
uname -s = Darwin
uname -v = Darwin Kernel Version 13.0.0: Thu Sep 19 22:22:27 PDT 2013; root:xnu-2422.1.72~6/RELEASE_X86_64

/usr/bin/uname -p = i386
/bin/uname -X     = unknown

/bin/arch              = unknown
/usr/bin/arch -k       = unknown
/usr/convex/getsysinfo = unknown
/usr/bin/hostinfo      = Mach kernel version:
	 Darwin Kernel Version 13.0.0: Thu Sep 19 22:22:27 PDT 2013; root:xnu-2422.1.72~6/RELEASE_X86_64
Kernel configured for up to 8 processors.
4 processors are physically available.
8 processors are logically available.
Processor type: i486 (Intel 80486)
Processors active: 0 1 2 3 4 5 6 7
Primary memory available: 8.00 gigabytes
Default processor set: 178 tasks, 897 threads, 8 processors
Load average: 1.20, Mach factor: 6.79
/bin/machine           = unknown
/usr/bin/oslevel       = unknown
/bin/universe          = unknown

PATH: /usr/bin
PATH: /bin
PATH: /usr/sbin
PATH: /sbin
PATH: /usr/local/bin
PATH: /Tint/Runtime/depot_tools_mac
PATH: /Users/tlinton/Library/Emscripten/
PATH: /Users/tlinton/Library/Emscripten/clang/3.2_64bit/bin
PATH: /Users/tlinton/Library/Emscripten/node/0.10.18_64bit/bin
PATH: /Users/tlinton/Library/Emscripten/emscripten/1.8.2


## ----------- ##
## Core tests. ##
## ----------- ##

configure:3207: checking for gcc
configure:3223: found /usr/bin/gcc
configure:3234: result: gcc
configure:3463: checking for C compiler version
configure:3472: gcc --version >&5
Apple LLVM version 5.0 (clang-500.2.79) (based on LLVM 3.3svn)
Target: x86_64-apple-darwin13.0.0
Thread model: posix
Configured with: --prefix=/Applications/Xcode.app/Contents/Developer/usr --with-gxx-include-dir=/usr/include/c++/4.2.1
configure:3483: $? = 0
configure:3472: gcc -v >&5
Configured with: --prefix=/Applications/Xcode.app/Contents/Developer/usr --with-gxx-include-dir=/usr/include/c++/4.2.1
Apple LLVM version 5.0 (clang-500.2.79) (based on LLVM 3.3svn)
Target: x86_64-apple-darwin13.0.0
Thread model: posix
configure:3483: $? = 0
configure:3472: gcc -V >&5
clang: error: argument to '-V' is missing (expected 1 value)
clang: error: no input files
configure:3483: $? = 1
configure:3472: gcc -qversion >&5
clang: error: no input files
configure:3483: $? = 1
configure:3503: checking whether the C compiler works
configure:3525: gcc    conftest.c  >&5
configure:3529: $? = 0
configure:3577: result: yes
configure:3580: checking for C compiler default output file name
configure:3582: result: a.out
configure:3588: checking for suffix of executables
configure:3595: gcc -o conftest    conftest.c  >&5
configure:3599: $? = 0
configure:3621: result: 
configure:3643: checking whether we are cross compiling
configure:3651: gcc -o conftest    conftest.c  >&5
configure:3655: $? = 0
configure:3662: ./conftest
configure:3666: $? = 0
configure:3681: result: no
configure:3686: checking for suffix of object files
configure:3708: gcc -c   conftest.c >&5
configure:3712: $? = 0
configure:3733: result: o
configure:3737: checking whether we are using the GNU C compiler
configure:3756: gcc -c   conftest.c >&5
configure:3756: $? = 0
configure:3765: result: yes
configure:3774: checking whether gcc accepts -g
configure:3794: gcc -c -g  conftest.c >&5
configure:3794: $? = 0
configure:3835: result: yes
configure:3852: checking for gcc option to accept ISO C89
configure:3916: gcc  -c -g -O2  conftest.c >&5
configure:3916: $? = 0
configure:3929: result: none needed
configure:3955: checking how to run the C preprocessor
configure:3986: gcc -E  conftest.c
configure:3986: $? = 0
configure:4000: gcc -E  conftest.c
conftest.c:9:10: fatal error: 'ac_nonexistent.h' file not found
#include <ac_nonexistent.h>
         ^
1 error generated.
configure:4000: $? = 1
configure: failed program was:
| /* confdefs.h */
| #define PACKAGE_NAME "cairo"
| #define PACKAGE_TARNAME "cairo"
| #define PACKAGE_VERSION "1.12.0"
| #define PACKAGE_STRING "cairo 1.12.0"
| #define PACKAGE_BUGREPORT "http://bugs.freedesktop.org/enter_bug.cgi?product=cairo"
| #define PACKAGE_URL ""
| /* end confdefs.h.  */
| #include <ac_nonexistent.h>
configure:4025: result: gcc -E
configure:4045: gcc -E  conftest.c
configure:4045: $? = 0
configure:4059: gcc -E  conftest.c
conftest.c:9:10: fatal error: 'ac_nonexistent.h' file not found
#include <ac_nonexistent.h>
         ^
1 error generated.
configure:4059: $? = 1
configure: failed program was:
| /* confdefs.h */
| #define PACKAGE_NAME "cairo"
| #define PACKAGE_TARNAME "cairo"
| #define PACKAGE_VERSION "1.12.0"
| #define PACKAGE_STRING "cairo 1.12.0"
| #define PACKAGE_BUGREPORT "http://bugs.freedesktop.org/enter_bug.cgi?product=cairo"
| #define PACKAGE_URL ""
| /* end confdefs.h.  */
| #include <ac_nonexistent.h>
configure:4088: checking for grep that handles long lines and -e
configure:4146: result: /usr/bin/grep
configure:4151: checking for egrep
configure:4213: result: /usr/bin/grep -E
configure:4218: checking for ANSI C header files
configure:4238: gcc -c -g -O2  conftest.c >&5
configure:4238: $? = 0
configure:4311: gcc -o conftest -g -O2   conftest.c  >&5
configure:4311: $? = 0
configure:4311: ./conftest
configure:4311: $? = 0
configure:4322: result: yes
configure:4335: checking for sys/types.h
configure:4335: gcc -c -g -O2  conftest.c >&5
configure:4335: $? = 0
configure:4335: result: yes
configure:4335: checking for sys/stat.h
configure:4335: gcc -c -g -O2  conftest.c >&5
configure:4335: $? = 0
configure:4335: result: yes
configure:4335: checking for stdlib.h
configure:4335: gcc -c -g -O2  conftest.c >&5
configure:4335: $? = 0
configure:4335: result: yes
configure:4335: checking for string.h
configure:4335: gcc -c -g -O2  conftest.c >&5
configure:4335: $? = 0
configure:4335: result: yes
configure:4335: checking for memory.h
configure:4335: gcc -c -g -O2  conftest.c >&5
configure:4335: $? = 0
configure:4335: result: yes
configure:4335: checking for strings.h
configure:4335: gcc -c -g -O2  conftest.c >&5
configure:4335: $? = 0
configure:4335: result: yes
configure:4335: checking for inttypes.h
configure:4335: gcc -c -g -O2  conftest.c >&5
configure:4335: $? = 0
configure:4335: result: yes
configure:4335: checking for stdint.h
configure:4335: gcc -c -g -O2  conftest.c >&5
configure:4335: $? = 0
configure:4335: result: yes
configure:4335: checking for unistd.h
configure:4335: gcc -c -g -O2  conftest.c >&5
configure:4335: $? = 0
configure:4335: result: yes
configure:4348: checking minix/config.h usability
configure:4348: gcc -c -g -O2  conftest.c >&5
conftest.c:52:10: fatal error: 'minix/config.h' file not found
#include <minix/config.h>
         ^
1 error generated.
configure:4348: $? = 1
configure: failed program was:
| /* confdefs.h */
| #define PACKAGE_NAME "cairo"
| #define PACKAGE_TARNAME "cairo"
| #define PACKAGE_VERSION "1.12.0"
| #define PACKAGE_STRING "cairo 1.12.0"
| #define PACKAGE_BUGREPORT "http://bugs.freedesktop.org/enter_bug.cgi?product=cairo"
| #define PACKAGE_URL ""
| #define STDC_HEADERS 1
| #define HAVE_SYS_TYPES_H 1
| #define HAVE_SYS_STAT_H 1
| #define HAVE_STDLIB_H 1
| #define HAVE_STRING_H 1
| #define HAVE_MEMORY_H 1
| #define HAVE_STRINGS_H 1
| #define HAVE_INTTYPES_H 1
| #define HAVE_STDINT_H 1
| #define HAVE_UNISTD_H 1
| /* end confdefs.h.  */
| #include <stdio.h>
| #ifdef HAVE_SYS_TYPES_H
| # include <sys/types.h>
| #endif
| #ifdef HAVE_SYS_STAT_H
| # include <sys/stat.h>
| #endif
| #ifdef STDC_HEADERS
| # include <stdlib.h>
| # include <stddef.h>
| #else
| # ifdef HAVE_STDLIB_H
| #  include <stdlib.h>
| # endif
| #endif
| #ifdef HAVE_STRING_H
| # if !defined STDC_HEADERS && defined HAVE_MEMORY_H
| #  include <memory.h>
| # endif
| # include <string.h>
| #endif
| #ifdef HAVE_STRINGS_H
| # include <strings.h>
| #endif
| #ifdef HAVE_INTTYPES_H
| # include <inttypes.h>
| #endif
| #ifdef HAVE_STDINT_H
| # include <stdint.h>
| #endif
| #ifdef HAVE_UNISTD_H
| # include <unistd.h>
| #endif
| #include <minix/config.h>
configure:4348: result: no
configure:4348: checking minix/config.h presence
configure:4348: gcc -E  conftest.c
conftest.c:19:10: fatal error: 'minix/config.h' file not found
#include <minix/config.h>
         ^
1 error generated.
configure:4348: $? = 1
configure: failed program was:
| /* confdefs.h */
| #define PACKAGE_NAME "cairo"
| #define PACKAGE_TARNAME "cairo"
| #define PACKAGE_VERSION "1.12.0"
| #define PACKAGE_STRING "cairo 1.12.0"
| #define PACKAGE_BUGREPORT "http://bugs.freedesktop.org/enter_bug.cgi?product=cairo"
| #define PACKAGE_URL ""
| #define STDC_HEADERS 1
| #define HAVE_SYS_TYPES_H 1
| #define HAVE_SYS_STAT_H 1
| #define HAVE_STDLIB_H 1
| #define HAVE_STRING_H 1
| #define HAVE_MEMORY_H 1
| #define HAVE_STRINGS_H 1
| #define HAVE_INTTYPES_H 1
| #define HAVE_STDINT_H 1
| #define HAVE_UNISTD_H 1
| /* end confdefs.h.  */
| #include <minix/config.h>
configure:4348: result: no
configure:4348: checking for minix/config.h
configure:4348: result: no
configure:4369: checking whether it is safe to define __EXTENSIONS__
configure:4387: gcc -c -g -O2  conftest.c >&5
configure:4387: $? = 0
configure:4394: result: yes
configure:4429: checking for a BSD-compatible install
configure:4497: result: /usr/bin/install -c
configure:4508: checking whether build environment is sane
configure:4558: result: yes
configure:4699: checking for a thread-safe mkdir -p
configure:4738: result: build/install-sh -c -d
configure:4751: checking for gawk
configure:4781: result: no
configure:4751: checking for mawk
configure:4781: result: no
configure:4751: checking for nawk
configure:4781: result: no
configure:4751: checking for awk
configure:4767: found /usr/bin/awk
configure:4778: result: awk
configure:4789: checking whether make sets $(MAKE)
configure:4811: result: yes
configure:4841: checking for style of include used by make
configure:4869: result: GNU
configure:4946: checking dependency style of gcc
configure:5057: result: gcc3
configure:5084: checking whether make supports nested variables
configure:5101: result: yes
configure:5116: checking build system type
configure:5130: result: x86_64-apple-darwin13.0.0
configure:5150: checking host system type
configure:5163: result: x86_64-apple-darwin13.0.0
configure:5531: checking how to print strings
configure:5558: result: printf
configure:5579: checking for a sed that does not truncate output
configure:5643: result: /usr/bin/sed
configure:5661: checking for fgrep
configure:5723: result: /usr/bin/grep -F
configure:5758: checking for ld used by gcc
configure:5825: result: /Applications/Xcode.app/Contents/Developer/Toolchains/XcodeDefault.xctoolchain/usr/bin/ld
configure:5832: checking if the linker (/Applications/Xcode.app/Contents/Developer/Toolchains/XcodeDefault.xctoolchain/usr/bin/ld) is GNU ld
configure:5847: result: no
configure:5859: checking for BSD- or MS-compatible name lister (nm)
configure:5908: result: /usr/bin/nm
configure:6038: checking the name lister (/usr/bin/nm) interface
configure:6045: gcc -c -g -O2  conftest.c >&5
configure:6048: /usr/bin/nm "conftest.o"
configure:6051: output
0000000000000204 S _some_variable
configure:6058: result: BSD nm
configure:6061: checking whether ln -s works
configure:6065: result: yes
configure:6073: checking the maximum length of command line arguments
configure:6203: result: 196608
configure:6220: checking whether the shell understands some XSI constructs
configure:6230: result: yes
configure:6234: checking whether the shell understands "+="
configure:6240: result: yes
configure:6275: checking how to convert x86_64-apple-darwin13.0.0 file names to x86_64-apple-darwin13.0.0 format
configure:6315: result: func_convert_file_noop
configure:6322: checking how to convert x86_64-apple-darwin13.0.0 file names to toolchain format
configure:6342: result: func_convert_file_noop
configure:6349: checking for /Applications/Xcode.app/Contents/Developer/Toolchains/XcodeDefault.xctoolchain/usr/bin/ld option to reload object files
configure:6356: result: -r
configure:6430: checking for objdump
configure:6457: result: objdump
configure:6486: checking how to recognize dependent libraries
configure:6688: result: pass_all
configure:6773: checking for dlltool
configure:6800: result: dlltool
configure:6830: checking how to associate runtime and link libraries
configure:6857: result: printf %s\n
configure:6917: checking for ar
configure:6933: found /usr/bin/ar
configure:6944: result: ar
configure:6981: checking for archiver @FILE support
configure:6998: gcc -c -g -O2  conftest.c >&5
configure:6998: $? = 0
configure:7001: ar cru libconftest.a @conftest.lst >&5
ar: @conftest.lst: No such file or directory
configure:7004: $? = 1
configure:7024: result: no
configure:7082: checking for strip
configure:7098: found /usr/bin/strip
configure:7109: result: strip
configure:7181: checking for ranlib
configure:7197: found /usr/bin/ranlib
configure:7208: result: ranlib
configure:7310: checking command to parse /usr/bin/nm output from gcc object
configure:7430: gcc -c -g -O2  conftest.c >&5
configure:7433: $? = 0
configure:7437: /usr/bin/nm conftest.o \| sed -n -e 's/^.*[ ]\([BCDEGRST][BCDEGRST]*\)[ ][ ]*\([_A-Za-z][_A-Za-z0-9]*\)$/\1 \2 \2/p' | sed '/ __gnu_lto/d' \> conftest.nm
configure:7440: $? = 0
cannot find nm_test_var in conftest.nm
configure:7430: gcc -c -g -O2  conftest.c >&5
configure:7433: $? = 0
configure:7437: /usr/bin/nm conftest.o \| sed -n -e 's/^.*[ ]\([BCDEGRST][BCDEGRST]*\)[ ][ ]*_\([_A-Za-z][_A-Za-z0-9]*\)$/\1 _\2 \2/p' | sed '/ __gnu_lto/d' \> conftest.nm
configure:7440: $? = 0
configure:7506: gcc -o conftest -g -O2   conftest.c conftstm.o >&5
configure:7509: $? = 0
configure:7547: result: ok
configure:7584: checking for sysroot
configure:7614: result: no
configure:7870: checking for mt
configure:7900: result: no
configure:7920: checking if : is a manifest tool
configure:7926: : '-?'
configure:7934: result: no
configure:7990: checking for dsymutil
configure:8006: found /usr/bin/dsymutil
configure:8017: result: dsymutil
configure:8082: checking for nmedit
configure:8098: found /usr/bin/nmedit
configure:8109: result: nmedit
configure:8174: checking for lipo
configure:8190: found /usr/bin/lipo
configure:8201: result: lipo
configure:8266: checking for otool
configure:8282: found /usr/bin/otool
configure:8293: result: otool
configure:8358: checking for otool64
configure:8388: result: no
configure:8433: checking for -single_module linker flag
gcc -g -O2  -o libconftest.dylib -dynamiclib -Wl,-single_module conftest.c
configure:8466: result: yes
configure:8469: checking for -exported_symbols_list linker flag
configure:8489: gcc -o conftest -g -O2   -Wl,-exported_symbols_list,conftest.sym conftest.c  >&5
configure:8489: $? = 0
configure:8499: result: yes
configure:8502: checking for -force_load linker flag
gcc -g -O2 -c -o conftest.o conftest.c
ar cru libconftest.a conftest.o
ranlib libconftest.a
gcc -g -O2  -o conftest conftest.c -Wl,-force_load,./libconftest.a
configure:8534: result: yes
configure:8573: checking for dlfcn.h
configure:8573: gcc -c -g -O2  conftest.c >&5
configure:8573: $? = 0
configure:8573: result: yes
configure:8777: checking for objdir
configure:8792: result: .libs
configure:9063: checking if gcc supports -fno-rtti -fno-exceptions
configure:9081: gcc -c -g -O2  -fno-rtti -fno-exceptions conftest.c >&5
configure:9085: $? = 0
configure:9098: result: yes
configure:9425: checking for gcc option to produce PIC
configure:9432: result: -fno-common -DPIC
configure:9440: checking if gcc PIC flag -fno-common -DPIC works
configure:9458: gcc -c -g -O2  -fno-common -DPIC -DPIC conftest.c >&5
configure:9462: $? = 0
configure:9475: result: yes
configure:9504: checking if gcc static flag -static works
configure:9532: result: no
configure:9547: checking if gcc supports -c -o file.o
configure:9568: gcc -c -g -O2  -o out/conftest2.o conftest.c >&5
configure:9572: $? = 0
configure:9594: result: yes
configure:9602: checking if gcc supports -c -o file.o
configure:9649: result: yes
configure:9682: checking whether the gcc linker (/Applications/Xcode.app/Contents/Developer/Toolchains/XcodeDefault.xctoolchain/usr/bin/ld) supports shared libraries
configure:10839: result: yes
configure:11079: checking dynamic linker characteristics
configure:11824: result: darwin13.0.0 dyld
configure:11931: checking how to hardcode library paths into programs
configure:11956: result: immediate
configure:12496: checking whether stripping libraries is possible
configure:12510: result: yes
configure:12536: checking if libtool supports shared libraries
configure:12538: result: yes
configure:12541: checking whether to build shared libraries
configure:12562: result: yes
configure:12565: checking whether to build static libraries
configure:12569: result: yes
configure:12654: checking for pkg-config
configure:12687: result: no
configure:12754: checking whether to build gtk-doc documentation
configure:12756: result: no
configure:12763: checking for gtkdoc-check
configure:12796: result: no
configure:12830: checking for special C compiler options needed for large files
configure:12875: result: no
configure:12881: checking for _FILE_OFFSET_BITS value needed for large files
configure:12906: gcc -c -g -O2  conftest.c >&5
configure:12906: $? = 0
configure:12938: result: no
configure:13049: checking for find
configure:13067: found /usr/bin/find
configure:13079: result: /usr/bin/find
configure:13089: checking for xargs
configure:13107: found /usr/bin/xargs
configure:13119: result: /usr/bin/xargs
configure:13176: checking for gcc
configure:13203: result: gcc
configure:13432: checking for C compiler version
configure:13441: gcc --version >&5
Apple LLVM version 5.0 (clang-500.2.79) (based on LLVM 3.3svn)
Target: x86_64-apple-darwin13.0.0
Thread model: posix
Configured with: --prefix=/Applications/Xcode.app/Contents/Developer/usr --with-gxx-include-dir=/usr/include/c++/4.2.1
configure:13452: $? = 0
configure:13441: gcc -v >&5
Configured with: --prefix=/Applications/Xcode.app/Contents/Developer/usr --with-gxx-include-dir=/usr/include/c++/4.2.1
Apple LLVM version 5.0 (clang-500.2.79) (based on LLVM 3.3svn)
Target: x86_64-apple-darwin13.0.0
Thread model: posix
configure:13452: $? = 0
configure:13441: gcc -V >&5
clang: error: argument to '-V' is missing (expected 1 value)
clang: error: no input files
configure:13452: $? = 1
configure:13441: gcc -qversion >&5
clang: error: no input files
configure:13452: $? = 1
configure:13456: checking whether we are using the GNU C compiler
configure:13484: result: yes
configure:13493: checking whether gcc accepts -g
configure:13554: result: yes
configure:13571: checking for gcc option to accept ISO C89
configure:13648: result: none needed
configure:13673: checking how to run the C preprocessor
configure:13743: result: gcc -E
configure:13763: gcc -E  conftest.c
configure:13763: $? = 0
configure:13777: gcc -E  conftest.c
conftest.c:26:10: fatal error: 'ac_nonexistent.h' file not found
#include <ac_nonexistent.h>
         ^
1 error generated.
configure:13777: $? = 1
configure: failed program was:
| /* confdefs.h */
| #define PACKAGE_NAME "cairo"
| #define PACKAGE_TARNAME "cairo"
| #define PACKAGE_VERSION "1.12.0"
| #define PACKAGE_STRING "cairo 1.12.0"
| #define PACKAGE_BUGREPORT "http://bugs.freedesktop.org/enter_bug.cgi?product=cairo"
| #define PACKAGE_URL ""
| #define STDC_HEADERS 1
| #define HAVE_SYS_TYPES_H 1
| #define HAVE_SYS_STAT_H 1
| #define HAVE_STDLIB_H 1
| #define HAVE_STRING_H 1
| #define HAVE_MEMORY_H 1
| #define HAVE_STRINGS_H 1
| #define HAVE_INTTYPES_H 1
| #define HAVE_STDINT_H 1
| #define HAVE_UNISTD_H 1
| #define __EXTENSIONS__ 1
| #define _ALL_SOURCE 1
| #define _GNU_SOURCE 1
| #define _POSIX_PTHREAD_SEMANTICS 1
| #define _TANDEM_SOURCE 1
| #define HAVE_DLFCN_H 1
| #define LT_OBJDIR ".libs/"
| /* end confdefs.h.  */
| #include <ac_nonexistent.h>
configure:13863: checking for g++
configure:13879: found /usr/bin/g++
configure:13890: result: g++
configure:13917: checking for C++ compiler version
configure:13926: g++ --version >&5
Apple LLVM version 5.0 (clang-500.2.79) (based on LLVM 3.3svn)
Target: x86_64-apple-darwin13.0.0
Thread model: posix
Configured with: --prefix=/Applications/Xcode.app/Contents/Developer/usr --with-gxx-include-dir=/usr/include/c++/4.2.1
configure:13937: $? = 0
configure:13926: g++ -v >&5
Configured with: --prefix=/Applications/Xcode.app/Contents/Developer/usr --with-gxx-include-dir=/usr/include/c++/4.2.1
Apple LLVM version 5.0 (clang-500.2.79) (based on LLVM 3.3svn)
Target: x86_64-apple-darwin13.0.0
Thread model: posix
configure:13937: $? = 0
configure:13926: g++ -V >&5
clang: error: argument to '-V' is missing (expected 1 value)
clang: error: no input files
configure:13937: $? = 1
configure:13926: g++ -qversion >&5
clang: error: no input files
configure:13937: $? = 1
configure:13941: checking whether we are using the GNU C++ compiler
configure:13960: g++ -c   conftest.cpp >&5
configure:13960: $? = 0
configure:13969: result: yes
configure:13978: checking whether g++ accepts -g
configure:13998: g++ -c -g  conftest.cpp >&5
configure:13998: $? = 0
configure:14039: result: yes
configure:14064: checking dependency style of g++
configure:14175: result: gcc3
configure:14208: checking how to run the C++ preprocessor
configure:14235: g++ -E  conftest.cpp
configure:14235: $? = 0
configure:14249: g++ -E  conftest.cpp
conftest.cpp:26:10: fatal error: 'ac_nonexistent.h' file not found
#include <ac_nonexistent.h>
         ^
1 error generated.
configure:14249: $? = 1
configure: failed program was:
| /* confdefs.h */
| #define PACKAGE_NAME "cairo"
| #define PACKAGE_TARNAME "cairo"
| #define PACKAGE_VERSION "1.12.0"
| #define PACKAGE_STRING "cairo 1.12.0"
| #define PACKAGE_BUGREPORT "http://bugs.freedesktop.org/enter_bug.cgi?product=cairo"
| #define PACKAGE_URL ""
| #define STDC_HEADERS 1
| #define HAVE_SYS_TYPES_H 1
| #define HAVE_SYS_STAT_H 1
| #define HAVE_STDLIB_H 1
| #define HAVE_STRING_H 1
| #define HAVE_MEMORY_H 1
| #define HAVE_STRINGS_H 1
| #define HAVE_INTTYPES_H 1
| #define HAVE_STDINT_H 1
| #define HAVE_UNISTD_H 1
| #define __EXTENSIONS__ 1
| #define _ALL_SOURCE 1
| #define _GNU_SOURCE 1
| #define _POSIX_PTHREAD_SEMANTICS 1
| #define _TANDEM_SOURCE 1
| #define HAVE_DLFCN_H 1
| #define LT_OBJDIR ".libs/"
| /* end confdefs.h.  */
| #include <ac_nonexistent.h>
configure:14274: result: g++ -E
configure:14294: g++ -E  conftest.cpp
configure:14294: $? = 0
configure:14308: g++ -E  conftest.cpp
conftest.cpp:26:10: fatal error: 'ac_nonexistent.h' file not found
#include <ac_nonexistent.h>
         ^
1 error generated.
configure:14308: $? = 1
configure: failed program was:
| /* confdefs.h */
| #define PACKAGE_NAME "cairo"
| #define PACKAGE_TARNAME "cairo"
| #define PACKAGE_VERSION "1.12.0"
| #define PACKAGE_STRING "cairo 1.12.0"
| #define PACKAGE_BUGREPORT "http://bugs.freedesktop.org/enter_bug.cgi?product=cairo"
| #define PACKAGE_URL ""
| #define STDC_HEADERS 1
| #define HAVE_SYS_TYPES_H 1
| #define HAVE_SYS_STAT_H 1
| #define HAVE_STDLIB_H 1
| #define HAVE_STRING_H 1
| #define HAVE_MEMORY_H 1
| #define HAVE_STRINGS_H 1
| #define HAVE_INTTYPES_H 1
| #define HAVE_STDINT_H 1
| #define HAVE_UNISTD_H 1
| #define __EXTENSIONS__ 1
| #define _ALL_SOURCE 1
| #define _GNU_SOURCE 1
| #define _POSIX_PTHREAD_SEMANTICS 1
| #define _TANDEM_SOURCE 1
| #define HAVE_DLFCN_H 1
| #define LT_OBJDIR ".libs/"
| /* end confdefs.h.  */
| #include <ac_nonexistent.h>
configure:14477: checking for ld used by g++
configure:14544: result: /Applications/Xcode.app/Contents/Developer/Toolchains/XcodeDefault.xctoolchain/usr/bin/ld
configure:14551: checking if the linker (/Applications/Xcode.app/Contents/Developer/Toolchains/XcodeDefault.xctoolchain/usr/bin/ld) is GNU ld
configure:14566: result: no
configure:14621: checking whether the g++ linker (/Applications/Xcode.app/Contents/Developer/Toolchains/XcodeDefault.xctoolchain/usr/bin/ld) supports shared libraries
configure:15626: result: yes
configure:15662: g++ -c -g -O2  conftest.cpp >&5
configure:15665: $? = 0
configure:16185: checking for g++ option to produce PIC
configure:16192: result: -fno-common -DPIC
configure:16200: checking if g++ PIC flag -fno-common -DPIC works
configure:16218: g++ -c -g -O2  -fno-common -DPIC -DPIC conftest.cpp >&5
configure:16222: $? = 0
configure:16235: result: yes
configure:16258: checking if g++ static flag -static works
configure:16286: result: no
configure:16298: checking if g++ supports -c -o file.o
configure:16319: g++ -c -g -O2  -o out/conftest2.o conftest.cpp >&5
configure:16323: $? = 0
configure:16345: result: yes
configure:16350: checking if g++ supports -c -o file.o
configure:16397: result: yes
configure:16427: checking whether the g++ linker (/Applications/Xcode.app/Contents/Developer/Toolchains/XcodeDefault.xctoolchain/usr/bin/ld) supports shared libraries
configure:16466: result: yes
configure:16607: checking dynamic linker characteristics
configure:17286: result: darwin13.0.0 dyld
configure:17339: checking how to hardcode library paths into programs
configure:17364: result: immediate
configure:17404: checking whether gcc and cc understand -c and -o together
configure:17435: gcc -c conftest.c -o conftest2.o >&5
configure:17439: $? = 0
configure:17445: gcc -c conftest.c -o conftest2.o >&5
configure:17449: $? = 0
configure:17460: cc -c conftest.c >&5
configure:17464: $? = 0
configure:17472: cc -c conftest.c -o conftest2.o >&5
configure:17476: $? = 0
configure:17482: cc -c conftest.c -o conftest2.o >&5
configure:17486: $? = 0
configure:17504: result: yes
configure:17529: checking for inline
configure:17545: gcc -c -g -O2  conftest.c >&5
configure:17545: $? = 0
configure:17553: result: inline
configure:17622: checking for pkg-config
configure:17655: result: no
configure:17690: error: pkg-config >=  required but not found (http://pkgconfig.freedesktop.org/)

## ---------------- ##
## Cache variables. ##
## ---------------- ##

ac_cv_build=x86_64-apple-darwin13.0.0
ac_cv_c_compiler_gnu=yes
ac_cv_c_inline=inline
ac_cv_cxx_compiler_gnu=yes
ac_cv_env_CCC_set=
ac_cv_env_CCC_value=
ac_cv_env_CC_set=
ac_cv_env_CC_value=
ac_cv_env_CFLAGS_set=
ac_cv_env_CFLAGS_value=
ac_cv_env_CPPFLAGS_set=
ac_cv_env_CPPFLAGS_value=
ac_cv_env_CPP_set=
ac_cv_env_CPP_value=
ac_cv_env_CXXCPP_set=
ac_cv_env_CXXCPP_value=
ac_cv_env_CXXFLAGS_set=
ac_cv_env_CXXFLAGS_value=
ac_cv_env_CXX_set=
ac_cv_env_CXX_value=
ac_cv_env_FONTCONFIG_CFLAGS_set=
ac_cv_env_FONTCONFIG_CFLAGS_value=
ac_cv_env_FONTCONFIG_LIBS_set=
ac_cv_env_FONTCONFIG_LIBS_value=
ac_cv_env_FREETYPE_CFLAGS_set=
ac_cv_env_FREETYPE_CFLAGS_value=
ac_cv_env_FREETYPE_LIBS_set=
ac_cv_env_FREETYPE_LIBS_value=
ac_cv_env_GOBJECT_CFLAGS_set=
ac_cv_env_GOBJECT_CFLAGS_value=
ac_cv_env_GOBJECT_LIBS_set=
ac_cv_env_GOBJECT_LIBS_value=
ac_cv_env_LDFLAGS_set=
ac_cv_env_LDFLAGS_value=
ac_cv_env_LIBRSVG_CFLAGS_set=
ac_cv_env_LIBRSVG_CFLAGS_value=
ac_cv_env_LIBRSVG_LIBS_set=
ac_cv_env_LIBRSVG_LIBS_value=
ac_cv_env_LIBSPECTRE_CFLAGS_set=
ac_cv_env_LIBSPECTRE_CFLAGS_value=
ac_cv_env_LIBSPECTRE_LIBS_set=
ac_cv_env_LIBSPECTRE_LIBS_value=
ac_cv_env_LIBS_set=
ac_cv_env_LIBS_value=
ac_cv_env_PKG_CONFIG_set=
ac_cv_env_PKG_CONFIG_value=
ac_cv_env_POPPLER_CFLAGS_set=
ac_cv_env_POPPLER_CFLAGS_value=
ac_cv_env_POPPLER_LIBS_set=
ac_cv_env_POPPLER_LIBS_value=
ac_cv_env_VALGRIND_CFLAGS_set=
ac_cv_env_VALGRIND_CFLAGS_value=
ac_cv_env_VALGRIND_LIBS_set=
ac_cv_env_VALGRIND_LIBS_value=
ac_cv_env_XMKMF_set=
ac_cv_env_XMKMF_value=
ac_cv_env_build_alias_set=
ac_cv_env_build_alias_value=
ac_cv_env_cogl_CFLAGS_set=
ac_cv_env_cogl_CFLAGS_value=
ac_cv_env_cogl_LIBS_set=
ac_cv_env_cogl_LIBS_value=
ac_cv_env_directfb_CFLAGS_set=
ac_cv_env_directfb_CFLAGS_value=
ac_cv_env_directfb_LIBS_set=
ac_cv_env_directfb_LIBS_value=
ac_cv_env_drm_CFLAGS_set=
ac_cv_env_drm_CFLAGS_value=
ac_cv_env_drm_LIBS_set=
ac_cv_env_drm_LIBS_value=
ac_cv_env_egl_CFLAGS_set=
ac_cv_env_egl_CFLAGS_value=
ac_cv_env_egl_LIBS_set=
ac_cv_env_egl_LIBS_value=
ac_cv_env_gl_CFLAGS_set=
ac_cv_env_gl_CFLAGS_value=
ac_cv_env_gl_LIBS_set=
ac_cv_env_gl_LIBS_value=
ac_cv_env_glesv2_CFLAGS_set=
ac_cv_env_glesv2_CFLAGS_value=
ac_cv_env_glesv2_LIBS_set=
ac_cv_env_glesv2_LIBS_value=
ac_cv_env_glib_CFLAGS_set=
ac_cv_env_glib_CFLAGS_value=
ac_cv_env_glib_LIBS_set=
ac_cv_env_glib_LIBS_value=
ac_cv_env_gtk_CFLAGS_set=
ac_cv_env_gtk_CFLAGS_value=
ac_cv_env_gtk_LIBS_set=
ac_cv_env_gtk_LIBS_value=
ac_cv_env_host_alias_set=
ac_cv_env_host_alias_value=
ac_cv_env_pixman_CFLAGS_set=
ac_cv_env_pixman_CFLAGS_value=
ac_cv_env_pixman_LIBS_set=
ac_cv_env_pixman_LIBS_value=
ac_cv_env_png_CFLAGS_set=
ac_cv_env_png_CFLAGS_value=
ac_cv_env_png_LIBS_set=
ac_cv_env_png_LIBS_value=
ac_cv_env_png_REQUIRES_set=
ac_cv_env_png_REQUIRES_value=
ac_cv_env_qt_CFLAGS_set=
ac_cv_env_qt_CFLAGS_value=
ac_cv_env_qt_LIBS_set=
ac_cv_env_qt_LIBS_value=
ac_cv_env_target_alias_set=
ac_cv_env_target_alias_value=
ac_cv_env_xcb_CFLAGS_set=
ac_cv_env_xcb_CFLAGS_value=
ac_cv_env_xcb_LIBS_set=
ac_cv_env_xcb_LIBS_value=
ac_cv_env_xcb_shm_CFLAGS_set=
ac_cv_env_xcb_shm_CFLAGS_value=
ac_cv_env_xcb_shm_LIBS_set=
ac_cv_env_xcb_shm_LIBS_value=
ac_cv_env_xlib_CFLAGS_set=
ac_cv_env_xlib_CFLAGS_value=
ac_cv_env_xlib_LIBS_set=
ac_cv_env_xlib_LIBS_value=
ac_cv_env_xlib_xcb_CFLAGS_set=
ac_cv_env_xlib_xcb_CFLAGS_value=
ac_cv_env_xlib_xcb_LIBS_set=
ac_cv_env_xlib_xcb_LIBS_value=
ac_cv_env_xlib_xrender_CFLAGS_set=
ac_cv_env_xlib_xrender_CFLAGS_value=
ac_cv_env_xlib_xrender_LIBS_set=
ac_cv_env_xlib_xrender_LIBS_value=
ac_cv_header_dlfcn_h=yes
ac_cv_header_inttypes_h=yes
ac_cv_header_memory_h=yes
ac_cv_header_minix_config_h=no
ac_cv_header_stdc=yes
ac_cv_header_stdint_h=yes
ac_cv_header_stdlib_h=yes
ac_cv_header_string_h=yes
ac_cv_header_strings_h=yes
ac_cv_header_sys_stat_h=yes
ac_cv_header_sys_types_h=yes
ac_cv_header_unistd_h=yes
ac_cv_host=x86_64-apple-darwin13.0.0
ac_cv_objext=o
ac_cv_path_EGREP='/usr/bin/grep -E'
ac_cv_path_FGREP='/usr/bin/grep -F'
ac_cv_path_FIND=/usr/bin/find
ac_cv_path_GREP=/usr/bin/grep
ac_cv_path_SED=/usr/bin/sed
ac_cv_path_XARGS=/usr/bin/xargs
ac_cv_path_install='/usr/bin/install -c'
ac_cv_prog_AWK=awk
ac_cv_prog_CPP='gcc -E'
ac_cv_prog_CXXCPP='g++ -E'
ac_cv_prog_ac_ct_AR=ar
ac_cv_prog_ac_ct_CC=gcc
ac_cv_prog_ac_ct_CXX=g++
ac_cv_prog_ac_ct_DLLTOOL=dlltool
ac_cv_prog_ac_ct_DSYMUTIL=dsymutil
ac_cv_prog_ac_ct_LIPO=lipo
ac_cv_prog_ac_ct_NMEDIT=nmedit
ac_cv_prog_ac_ct_OBJDUMP=objdump
ac_cv_prog_ac_ct_OTOOL=otool
ac_cv_prog_ac_ct_RANLIB=ranlib
ac_cv_prog_ac_ct_STRIP=strip
ac_cv_prog_cc_c89=
ac_cv_prog_cc_g=yes
ac_cv_prog_cc_gcc_c_o=yes
ac_cv_prog_cxx_g=yes
ac_cv_prog_make_make_set=yes
ac_cv_safe_to_define___extensions__=yes
ac_cv_sys_file_offset_bits=no
ac_cv_sys_largefile_CC=no
am_cv_CC_dependencies_compiler_type=gcc3
am_cv_CXX_dependencies_compiler_type=gcc3
am_cv_make_support_nested_variables=yes
lt_cv_apple_cc_single_mod=yes
lt_cv_ar_at_file=no
lt_cv_deplibs_check_method=pass_all
lt_cv_file_magic_cmd='$MAGIC_CMD'
lt_cv_file_magic_test_file=
lt_cv_ld_exported_symbols_list=yes
lt_cv_ld_force_load=yes
lt_cv_ld_reload_flag=-r
lt_cv_nm_interface='BSD nm'
lt_cv_objdir=.libs
lt_cv_path_LD=/Applications/Xcode.app/Contents/Developer/Toolchains/XcodeDefault.xctoolchain/usr/bin/ld
lt_cv_path_LDCXX=/Applications/Xcode.app/Contents/Developer/Toolchains/XcodeDefault.xctoolchain/usr/bin/ld
lt_cv_path_NM=/usr/bin/nm
lt_cv_path_mainfest_tool=no
lt_cv_prog_compiler_c_o=yes
lt_cv_prog_compiler_c_o_CXX=yes
lt_cv_prog_compiler_pic='-fno-common -DPIC'
lt_cv_prog_compiler_pic_CXX='-fno-common -DPIC'
lt_cv_prog_compiler_pic_works=yes
lt_cv_prog_compiler_pic_works_CXX=yes
lt_cv_prog_compiler_rtti_exceptions=yes
lt_cv_prog_compiler_static_works=no
lt_cv_prog_compiler_static_works_CXX=no
lt_cv_prog_gnu_ld=no
lt_cv_prog_gnu_ldcxx=no
lt_cv_sharedlib_from_linklib_cmd='printf %s\n'
lt_cv_sys_global_symbol_pipe='sed -n -e '\''s/^.*[	 ]\([BCDEGRST][BCDEGRST]*\)[	 ][	 ]*_\([_A-Za-z][_A-Za-z0-9]*\)$/\1 _\2 \2/p'\'' | sed '\''/ __gnu_lto/d'\'''
lt_cv_sys_global_symbol_to_c_name_address='sed -n -e '\''s/^: \([^ ]*\)[ ]*$/  {\"\1\", (void *) 0},/p'\'' -e '\''s/^[BCDEGRST]* \([^ ]*\) \([^ ]*\)$/  {"\2", (void *) \&\2},/p'\'''
lt_cv_sys_global_symbol_to_c_name_address_lib_prefix='sed -n -e '\''s/^: \([^ ]*\)[ ]*$/  {\"\1\", (void *) 0},/p'\'' -e '\''s/^[BCDEGRST]* \([^ ]*\) \(lib[^ ]*\)$/  {"\2", (void *) \&\2},/p'\'' -e '\''s/^[BCDEGRST]* \([^ ]*\) \([^ ]*\)$/  {"lib\2", (void *) \&\2},/p'\'''
lt_cv_sys_global_symbol_to_cdecl='sed -n -e '\''s/^T .* \(.*\)$/extern int \1();/p'\'' -e '\''s/^[BCDEGRST]* .* \(.*\)$/extern char \1;/p'\'''
lt_cv_sys_max_cmd_len=196608
lt_cv_to_host_file_cmd=func_convert_file_noop
lt_cv_to_tool_file_cmd=func_convert_file_noop

## ----------------- ##
## Output variables. ##
## ----------------- ##

ACLOCAL='${SHELL} /Tint/webkit.js/deps/cairo/build/missing --run aclocal-1.11'
AMDEPBACKSLASH='\'
AMDEP_FALSE='#'
AMDEP_TRUE=''
AMTAR='$${TAR-tar}'
AM_BACKSLASH='\'
AM_DEFAULT_V='$(AM_DEFAULT_VERBOSITY)'
AM_DEFAULT_VERBOSITY='0'
AM_V='$(V)'
AR='ar'
AS='as'
AUTOCONF='${SHELL} /Tint/webkit.js/deps/cairo/build/missing --run autoconf'
AUTOHEADER='${SHELL} /Tint/webkit.js/deps/cairo/build/missing --run autoheader'
AUTOMAKE='${SHELL} /Tint/webkit.js/deps/cairo/build/missing --run automake-1.11'
AWK='awk'
BFD_LIBS=''
BUILD_ANY2PPM_FALSE=''
BUILD_ANY2PPM_TRUE=''
BUILD_CXX_FALSE=''
BUILD_CXX_TRUE=''
BUILD_SPHINX_FALSE=''
BUILD_SPHINX_TRUE=''
CAIROBOILERPLATE_LIBS=''
CAIRO_CAN_TEST_PDF_SURFACE_FALSE=''
CAIRO_CAN_TEST_PDF_SURFACE_TRUE=''
CAIRO_CAN_TEST_PS_SURFACE_FALSE=''
CAIRO_CAN_TEST_PS_SURFACE_TRUE=''
CAIRO_CAN_TEST_SVG_SURFACE_FALSE=''
CAIRO_CAN_TEST_SVG_SURFACE_TRUE=''
CAIRO_CAN_TEST_WIN32_PRINTING_SURFACE_FALSE=''
CAIRO_CAN_TEST_WIN32_PRINTING_SURFACE_TRUE=''
CAIRO_CFLAGS=''
CAIRO_HAS_BEOS_SURFACE_FALSE=''
CAIRO_HAS_BEOS_SURFACE_TRUE=''
CAIRO_HAS_COGL_SURFACE_FALSE=''
CAIRO_HAS_COGL_SURFACE_TRUE=''
CAIRO_HAS_DIRECTFB_SURFACE_FALSE=''
CAIRO_HAS_DIRECTFB_SURFACE_TRUE=''
CAIRO_HAS_DL_FALSE=''
CAIRO_HAS_DL_TRUE=''
CAIRO_HAS_DRM_SURFACE_FALSE=''
CAIRO_HAS_DRM_SURFACE_TRUE=''
CAIRO_HAS_EGL_FUNCTIONS_FALSE=''
CAIRO_HAS_EGL_FUNCTIONS_TRUE=''
CAIRO_HAS_FC_FONT_FALSE=''
CAIRO_HAS_FC_FONT_TRUE=''
CAIRO_HAS_FT_FONT_FALSE=''
CAIRO_HAS_FT_FONT_TRUE=''
CAIRO_HAS_GALLIUM_SURFACE_FALSE=''
CAIRO_HAS_GALLIUM_SURFACE_TRUE=''
CAIRO_HAS_GLESV2_SURFACE_FALSE=''
CAIRO_HAS_GLESV2_SURFACE_TRUE=''
CAIRO_HAS_GLX_FUNCTIONS_FALSE=''
CAIRO_HAS_GLX_FUNCTIONS_TRUE=''
CAIRO_HAS_GL_SURFACE_FALSE=''
CAIRO_HAS_GL_SURFACE_TRUE=''
CAIRO_HAS_GOBJECT_FUNCTIONS_FALSE=''
CAIRO_HAS_GOBJECT_FUNCTIONS_TRUE=''
CAIRO_HAS_INTERPRETER_FALSE=''
CAIRO_HAS_INTERPRETER_TRUE=''
CAIRO_HAS_LCOV_FALSE=''
CAIRO_HAS_LCOV_TRUE=''
CAIRO_HAS_MULTI_PAGE_SURFACES_FALSE=''
CAIRO_HAS_MULTI_PAGE_SURFACES_TRUE=''
CAIRO_HAS_OS2_SURFACE_FALSE=''
CAIRO_HAS_OS2_SURFACE_TRUE=''
CAIRO_HAS_PDF_SURFACE_FALSE=''
CAIRO_HAS_PDF_SURFACE_TRUE=''
CAIRO_HAS_PNG_FUNCTIONS_FALSE=''
CAIRO_HAS_PNG_FUNCTIONS_TRUE=''
CAIRO_HAS_PS_SURFACE_FALSE=''
CAIRO_HAS_PS_SURFACE_TRUE=''
CAIRO_HAS_PTHREAD_FALSE=''
CAIRO_HAS_PTHREAD_TRUE=''
CAIRO_HAS_QT_SURFACE_FALSE=''
CAIRO_HAS_QT_SURFACE_TRUE=''
CAIRO_HAS_QUARTZ_FONT_FALSE=''
CAIRO_HAS_QUARTZ_FONT_TRUE=''
CAIRO_HAS_QUARTZ_IMAGE_SURFACE_FALSE=''
CAIRO_HAS_QUARTZ_IMAGE_SURFACE_TRUE=''
CAIRO_HAS_QUARTZ_SURFACE_FALSE=''
CAIRO_HAS_QUARTZ_SURFACE_TRUE=''
CAIRO_HAS_SCRIPT_SURFACE_FALSE=''
CAIRO_HAS_SCRIPT_SURFACE_TRUE=''
CAIRO_HAS_SKIA_SURFACE_FALSE=''
CAIRO_HAS_SKIA_SURFACE_TRUE=''
CAIRO_HAS_SPECTRE_FALSE=''
CAIRO_HAS_SPECTRE_TRUE=''
CAIRO_HAS_SVG_SURFACE_FALSE=''
CAIRO_HAS_SVG_SURFACE_TRUE=''
CAIRO_HAS_SYMBOL_LOOKUP_FALSE=''
CAIRO_HAS_SYMBOL_LOOKUP_TRUE=''
CAIRO_HAS_TEE_SURFACE_FALSE=''
CAIRO_HAS_TEE_SURFACE_TRUE=''
CAIRO_HAS_TEST_SURFACES_FALSE=''
CAIRO_HAS_TEST_SURFACES_TRUE=''
CAIRO_HAS_TRACE_FALSE=''
CAIRO_HAS_TRACE_TRUE=''
CAIRO_HAS_VG_SURFACE_FALSE=''
CAIRO_HAS_VG_SURFACE_TRUE=''
CAIRO_HAS_WGL_FUNCTIONS_FALSE=''
CAIRO_HAS_WGL_FUNCTIONS_TRUE=''
CAIRO_HAS_WIN32_FONT_FALSE=''
CAIRO_HAS_WIN32_FONT_TRUE=''
CAIRO_HAS_WIN32_SURFACE_FALSE=''
CAIRO_HAS_WIN32_SURFACE_TRUE=''
CAIRO_HAS_XCB_SHM_FUNCTIONS_FALSE=''
CAIRO_HAS_XCB_SHM_FUNCTIONS_TRUE=''
CAIRO_HAS_XCB_SURFACE_FALSE=''
CAIRO_HAS_XCB_SURFACE_TRUE=''
CAIRO_HAS_XLIB_SURFACE_FALSE=''
CAIRO_HAS_XLIB_SURFACE_TRUE=''
CAIRO_HAS_XLIB_XCB_FUNCTIONS_FALSE=''
CAIRO_HAS_XLIB_XCB_FUNCTIONS_TRUE=''
CAIRO_HAS_XLIB_XRENDER_SURFACE_FALSE=''
CAIRO_HAS_XLIB_XRENDER_SURFACE_TRUE=''
CAIRO_HAS_XML_SURFACE_FALSE=''
CAIRO_HAS_XML_SURFACE_TRUE=''
CAIRO_LDFLAGS=''
CAIRO_LIBS=''
CAIRO_LIBTOOL_VERSION_INFO='11202:0:11200'
CAIRO_NONPKGCONFIG_CFLAGS=''
CAIRO_NONPKGCONFIG_LIBS=''
CAIRO_RELEASE_STATUS='release'
CAIRO_REQUIRES=''
CAIRO_TEST_MODE=''
CAIRO_TEST_UNDEFINED_LDFLAGS=''
CAIRO_VERSION_MAJOR='1'
CAIRO_VERSION_MICRO='0'
CAIRO_VERSION_MINOR='12'
CAIRO_VERSION_SONUM='2'
CC='gcc'
CCDEPMODE='depmode=gcc3'
CFLAGS='-g -O2'
CPP='gcc -E'
CPPFLAGS=''
CROSS_COMPILING_FALSE=''
CROSS_COMPILING_TRUE=''
CXX='g++'
CXXCPP='g++ -E'
CXXDEPMODE='depmode=gcc3'
CXXFLAGS='-g -O2'
CYGPATH_W='echo'
DEFS=''
DEPDIR='.deps'
DISABLE_SOME_FLOATING_POINT_FALSE=''
DISABLE_SOME_FLOATING_POINT_TRUE=''
DLLTOOL='dlltool'
DSYMUTIL='dsymutil'
DUMPBIN=''
ECHO_C='\c'
ECHO_N=''
ECHO_T=''
EGREP='/usr/bin/grep -E'
ENABLE_GTK_DOC_FALSE=''
ENABLE_GTK_DOC_TRUE='#'
EXEEXT=''
FGREP='/usr/bin/grep -F'
FIND='/usr/bin/find'
FONTCONFIG_CFLAGS=''
FONTCONFIG_LIBS=''
FREETYPE_CFLAGS=''
FREETYPE_CONFIG=''
FREETYPE_LIBS=''
GOBJECT_CFLAGS=''
GOBJECT_LIBS=''
GREP='/usr/bin/grep'
GS=''
GTKDOC_CHECK=''
GTK_DOC_USE_LIBTOOL_FALSE='#'
GTK_DOC_USE_LIBTOOL_TRUE=''
HAVE_GTK_FALSE=''
HAVE_GTK_TRUE=''
HAVE_PTHREAD_FALSE=''
HAVE_PTHREAD_TRUE=''
HAVE_REAL_PTHREAD_FALSE=''
HAVE_REAL_PTHREAD_TRUE=''
HAVE_SHM_FALSE=''
HAVE_SHM_TRUE=''
HTML_DIR='${datadir}/gtk-doc/html'
INSTALL_DATA='${INSTALL} -m 644'
INSTALL_PROGRAM='${INSTALL}'
INSTALL_SCRIPT='${INSTALL}'
INSTALL_STRIP_PROGRAM='$(install_sh) -c -s'
LD='/Applications/Xcode.app/Contents/Developer/Toolchains/XcodeDefault.xctoolchain/usr/bin/ld'
LDFLAGS=''
LIBM=''
LIBOBJS=''
LIBRSVG_CFLAGS=''
LIBRSVG_LIBS=''
LIBS=''
LIBSPECTRE_CFLAGS=''
LIBSPECTRE_LIBS=''
LIBTOOL='$(SHELL) $(top_builddir)/libtool'
LIPO='lipo'
LN_S='ln -s'
LTLIBOBJS=''
LTP=''
LTP_GENHTML=''
MAKEINFO='${SHELL} /Tint/webkit.js/deps/cairo/build/missing --run makeinfo'
MANIFEST_TOOL=':'
MKDIR_P='build/install-sh -c -d'
NM='/usr/bin/nm'
NMEDIT='nmedit'
OBJDUMP='objdump'
OBJEXT='o'
OS_WIN32_FALSE=''
OS_WIN32_TRUE=''
OTOOL64=':'
OTOOL='otool'
PACKAGE='cairo'
PACKAGE_BUGREPORT='http://bugs.freedesktop.org/enter_bug.cgi?product=cairo'
PACKAGE_NAME='cairo'
PACKAGE_STRING='cairo 1.12.0'
PACKAGE_TARNAME='cairo'
PACKAGE_URL=''
PACKAGE_VERSION='1.12.0'
PATH_SEPARATOR=':'
PKGCONFIG_REQUIRES=''
PKG_CONFIG=''
POPPLER_CFLAGS=''
POPPLER_LIBS=''
RANLIB='ranlib'
SED='/usr/bin/sed'
SET_MAKE=''
SHELL='/bin/sh'
SHLIB_EXT=''
SHM_LIBS=''
SHTOOL=''
STRIP='strip'
VALGRIND_CFLAGS=''
VALGRIND_LIBS=''
VERSION='1.12.0'
XARGS='/usr/bin/xargs'
XMKMF=''
X_CFLAGS=''
X_EXTRA_LIBS=''
X_LIBS=''
X_PRE_LIBS=''
ac_ct_AR='ar'
ac_ct_CC='gcc'
ac_ct_CXX='g++'
ac_ct_DUMPBIN=''
am__EXEEXT_FALSE=''
am__EXEEXT_TRUE=''
am__fastdepCC_FALSE='#'
am__fastdepCC_TRUE=''
am__fastdepCXX_FALSE='#'
am__fastdepCXX_TRUE=''
am__include='include'
am__isrc=''
am__leading_dot='.'
am__nodep='_no'
am__quote=''
am__tar='$${TAR-tar} chof - "$$tardir"'
am__untar='$${TAR-tar} xf -'
bindir='${exec_prefix}/bin'
build='x86_64-apple-darwin13.0.0'
build_alias=''
build_cpu='x86_64'
build_os='darwin13.0.0'
build_vendor='apple'
cogl_CFLAGS=''
cogl_LIBS=''
datadir='${datarootdir}'
datarootdir='${prefix}/share'
directfb_CFLAGS=''
directfb_LIBS=''
docdir='${datarootdir}/doc/${PACKAGE_TARNAME}'
drm_CFLAGS=''
drm_LIBS=''
dvidir='${docdir}'
egl_CFLAGS=''
egl_LIBS=''
exec_prefix='NONE'
gallium_DIR=''
gl_CFLAGS=''
gl_LIBS=''
glesv2_CFLAGS=''
glesv2_LIBS=''
glib_CFLAGS=''
glib_LIBS=''
gtk_CFLAGS=''
gtk_LIBS=''
host='x86_64-apple-darwin13.0.0'
host_alias=''
host_cpu='x86_64'
host_os='darwin13.0.0'
host_vendor='apple'
htmldir='${docdir}'
includedir='${prefix}/include'
infodir='${datarootdir}/info'
install_sh='${SHELL} /Tint/webkit.js/deps/cairo/build/install-sh'
libdir='${exec_prefix}/lib'
libexecdir='${exec_prefix}/libexec'
localedir='${datarootdir}/locale'
localstatedir='${prefix}/var'
mandir='${datarootdir}/man'
mesa_DIR=''
mkdir_p='$(top_builddir)/build/install-sh -c -d'
oldincludedir='/usr/include'
pdfdir='${docdir}'
pixman_CFLAGS=''
pixman_LIBS=''
png_CFLAGS=''
png_LIBS=''
png_REQUIRES=''
prefix='/Users/tlinton/Library/Emscripten/emscripten/1.8.2/system'
program_transform_name='s,x,x,'
psdir='${docdir}'
pthread_CFLAGS=''
pthread_LIBS=''
qt_CFLAGS=''
qt_LIBS=''
real_pthread_CFLAGS=''
real_pthread_LIBS=''
sbindir='${exec_prefix}/sbin'
sharedstatedir='${prefix}/com'
shm_LIBS=''
skia_DIR=''
sysconfdir='${prefix}/etc'
target_alias=''
xcb_CFLAGS=''
xcb_LIBS=''
xcb_shm_CFLAGS=''
xcb_shm_LIBS=''
xlib_CFLAGS=''
xlib_LIBS=''
xlib_xcb_CFLAGS=''
xlib_xcb_LIBS=''
xlib_xrender_CFLAGS=''
xlib_xrender_LIBS=''

## ----------- ##
## confdefs.h. ##
## ----------- ##

/* confdefs.h */
#define PACKAGE_NAME "cairo"
#define PACKAGE_TARNAME "cairo"
#define PACKAGE_VERSION "1.12.0"
#define PACKAGE_STRING "cairo 1.12.0"
#define PACKAGE_BUGREPORT "http://bugs.freedesktop.org/enter_bug.cgi?product=cairo"
#define PACKAGE_URL ""
#define STDC_HEADERS 1
#define HAVE_SYS_TYPES_H 1
#define HAVE_SYS_STAT_H 1
#define HAVE_STDLIB_H 1
#define HAVE_STRING_H 1
#define HAVE_MEMORY_H 1
#define HAVE_STRINGS_H 1
#define HAVE_INTTYPES_H 1
#define HAVE_STDINT_H 1
#define HAVE_UNISTD_H 1
#define __EXTENSIONS__ 1
#define _ALL_SOURCE 1
#define _GNU_SOURCE 1
#define _POSIX_PTHREAD_SEMANTICS 1
#define _TANDEM_SOURCE 1
#define HAVE_DLFCN_H 1
#define LT_OBJDIR ".libs/"

configure: exit 1
