This file contains any messages produced by compilers while
running configure, to aid debugging if configure makes a mistake.

It was created by pixman configure 0.32.4, which was
generated by GNU Autoconf 2.69.  Invocation command line was

  $ ./configure 

## --------- ##
## Platform. ##
## --------- ##

hostname = Trevors-MacBook-Pro-2.local
uname -m = x86_64
uname -r = 13.1.0
uname -s = Darwin
uname -v = Darwin Kernel Version 13.1.0: Thu Jan 16 19:40:37 PST 2014; root:xnu-2422.90.20~2/RELEASE_X86_64

/usr/bin/uname -p = i386
/bin/uname -X     = unknown

/bin/arch              = unknown
/usr/bin/arch -k       = unknown
/usr/convex/getsysinfo = unknown
/usr/bin/hostinfo      = Mach kernel version:
	 Darwin Kernel Version 13.1.0: Thu Jan 16 19:40:37 PST 2014; root:xnu-2422.90.20~2/RELEASE_X86_64
Kernel configured for up to 8 processors.
4 processors are physically available.
8 processors are logically available.
Processor type: i486 (Intel 80486)
Processors active: 0 1 2 3 4 5 6 7
Primary memory available: 8.00 gigabytes
Default processor set: 197 tasks, 1188 threads, 8 processors
Load average: 1.85, Mach factor: 6.14
/bin/machine           = unknown
/usr/bin/oslevel       = unknown
/bin/universe          = unknown

PATH: /usr/bin
PATH: /bin
PATH: /usr/sbin
PATH: /sbin
PATH: /usr/local/bin
PATH: /usr/bin
PATH: /bin
PATH: /usr/sbin
PATH: /sbin
PATH: /usr/local/bin
PATH: /Users/tlinton/Library/Emscripten
PATH: /Users/tlinton/Library/Emscripten/clang/e1.16.0_64bit
PATH: /Users/tlinton/Library/Emscripten/node/0.10.18_64bit/bin
PATH: /Users/tlinton/Library/Emscripten/emscripten/1.16.0
PATH: /Tint/Runtime/depot_tools_mac


## ----------- ##
## Core tests. ##
## ----------- ##

configure:2589: checking for a BSD-compatible install
configure:2657: result: /usr/bin/install -c
configure:2668: checking whether build environment is sane
configure:2723: result: yes
configure:2874: checking for a thread-safe mkdir -p
configure:2913: result: ./install-sh -c -d
configure:2920: checking for gawk
configure:2950: result: no
configure:2920: checking for mawk
configure:2950: result: no
configure:2920: checking for nawk
configure:2950: result: no
configure:2920: checking for awk
configure:2936: found /usr/bin/awk
configure:2947: result: awk
configure:2958: checking whether make sets $(MAKE)
configure:2980: result: yes
configure:3009: checking whether make supports nested variables
configure:3026: result: yes
configure:3123: checking whether make supports nested variables
configure:3140: result: yes
configure:3159: checking build system type
configure:3173: result: x86_64-apple-darwin13.1.0
configure:3193: checking host system type
configure:3206: result: x86_64-apple-darwin13.1.0
configure:3277: checking for gcc
configure:3304: result: /Users/tlinton/Library/Emscripten/emscripten/1.16.0/emcc
configure:3533: checking for C compiler version
configure:3542: /Users/tlinton/Library/Emscripten/emscripten/1.16.0/emcc --version >&5
emcc (Emscripten GCC-like replacement) 1.16.0 ()
Copyright (C) 2014 the Emscripten authors (see AUTHORS.txt)
This is free and open source software under the MIT license.
There is NO warranty; not even for MERCHANTABILITY or FITNESS FOR A PARTICULAR PURPOSE.
  
configure:3553: $? = 0
configure:3542: /Users/tlinton/Library/Emscripten/emscripten/1.16.0/emcc -v >&5
emcc (Emscripten GCC-like replacement + linker emulating GNU ld ) 1.16.0
clang version 3.3 
Target: x86_64-apple-darwin13.1.0
Thread model: posix
INFO     root: [32m(Emscripten: Running sanity checks)[0m
configure:3553: $? = 0
configure:3542: /Users/tlinton/Library/Emscripten/emscripten/1.16.0/emcc -V >&5
clang: error: unsupported option '-V -nostdinc'
clang: error: no input files
configure:3553: $? = 1
configure:3542: /Users/tlinton/Library/Emscripten/emscripten/1.16.0/emcc -qversion >&5
clang: error: no input files
configure:3553: $? = 1
configure:3573: checking whether the C compiler works
configure:3595: /Users/tlinton/Library/Emscripten/emscripten/1.16.0/emcc    conftest.c  >&5
configure:3599: $? = 0
configure:3647: result: yes
configure:3650: checking for C compiler default output file name
configure:3652: result: a.out
configure:3658: checking for suffix of executables
configure:3665: /Users/tlinton/Library/Emscripten/emscripten/1.16.0/emcc -o conftest    conftest.c  >&5
configure:3669: $? = 0
configure:3691: result: 
configure:3713: checking whether we are cross compiling
configure:3721: /Users/tlinton/Library/Emscripten/emscripten/1.16.0/emcc -o conftest    conftest.c  >&5
configure:3725: $? = 0
configure:3732: ./conftest
configure:3736: $? = 0
configure:3751: result: no
configure:3756: checking for suffix of object files
configure:3778: /Users/tlinton/Library/Emscripten/emscripten/1.16.0/emcc -c   conftest.c >&5
configure:3782: $? = 0
configure:3803: result: o
configure:3807: checking whether we are using the GNU C compiler
configure:3826: /Users/tlinton/Library/Emscripten/emscripten/1.16.0/emcc -c   conftest.c >&5
configure:3826: $? = 0
configure:3835: result: yes
configure:3844: checking whether /Users/tlinton/Library/Emscripten/emscripten/1.16.0/emcc accepts -g
configure:3864: /Users/tlinton/Library/Emscripten/emscripten/1.16.0/emcc -c -g  conftest.c >&5
configure:3864: $? = 0
configure:3905: result: yes
configure:3922: checking for /Users/tlinton/Library/Emscripten/emscripten/1.16.0/emcc option to accept ISO C89
configure:3985: /Users/tlinton/Library/Emscripten/emscripten/1.16.0/emcc  -c   conftest.c >&5
configure:3985: $? = 0
configure:3998: result: none needed
configure:4029: checking for style of include used by make
configure:4057: result: GNU
configure:4083: checking dependency style of /Users/tlinton/Library/Emscripten/emscripten/1.16.0/emcc
configure:4194: result: gcc3
configure:4218: checking dependency style of /Users/tlinton/Library/Emscripten/emscripten/1.16.0/emcc
configure:4327: result: gcc3
configure:4388: checking how to print strings
configure:4415: result: printf
configure:4436: checking for a sed that does not truncate output
configure:4500: result: /usr/bin/sed
configure:4518: checking for grep that handles long lines and -e
configure:4576: result: /usr/bin/grep
configure:4581: checking for egrep
configure:4643: result: /usr/bin/grep -E
configure:4648: checking for fgrep
configure:4710: result: /usr/bin/grep -F
configure:4745: checking for ld used by /Users/tlinton/Library/Emscripten/emscripten/1.16.0/emcc
configure:4812: result: /Users/tlinton/Library/Emscripten/emscripten/1.16.0/emcc
configure:4819: checking if the linker (/Users/tlinton/Library/Emscripten/emscripten/1.16.0/emcc) is GNU ld
configure:4834: result: yes
configure:4846: checking for BSD- or MS-compatible name lister (nm)
configure:4895: result: /usr/bin/nm
configure:5025: checking the name lister (/usr/bin/nm) interface
configure:5032: /Users/tlinton/Library/Emscripten/emscripten/1.16.0/emcc -c   conftest.c >&5
configure:5035: /usr/bin/nm "conftest.o"
configure:5038: output
0000000000000000 S _some_variable
configure:5045: result: BSD nm
configure:5048: checking whether ln -s works
configure:5052: result: yes
configure:5060: checking the maximum length of command line arguments
configure:5190: result: 196608
configure:5207: checking whether the shell understands some XSI constructs
configure:5217: result: yes
configure:5221: checking whether the shell understands "+="
configure:5227: result: yes
configure:5262: checking how to convert x86_64-apple-darwin13.1.0 file names to x86_64-apple-darwin13.1.0 format
configure:5302: result: func_convert_file_noop
configure:5309: checking how to convert x86_64-apple-darwin13.1.0 file names to toolchain format
configure:5329: result: func_convert_file_noop
configure:5336: checking for /Users/tlinton/Library/Emscripten/emscripten/1.16.0/emcc option to reload object files
configure:5343: result: -r
configure:5417: checking for objdump
configure:5447: result: no
configure:5476: checking how to recognize dependent libraries
configure:5678: result: pass_all
configure:5763: checking for dlltool
configure:5793: result: no
configure:5823: checking how to associate runtime and link libraries
configure:5850: result: printf %s\n
configure:5975: checking for archiver @FILE support
configure:5992: /Users/tlinton/Library/Emscripten/emscripten/1.16.0/emcc -c   conftest.c >&5
configure:5992: $? = 0
configure:5995: /Users/tlinton/Library/Emscripten/emscripten/1.16.0/emar cru libconftest.a @conftest.lst >&5
configure:5998: $? = 0
configure:6003: /Users/tlinton/Library/Emscripten/emscripten/1.16.0/emar cru libconftest.a @conftest.lst >&5
/Users/tlinton/Library/Emscripten/clang/e1.16.0_64bit/llvm-ar: File does not exist: conftest.o

configure:6006: $? = 0
configure:6018: result: no
configure:6076: checking for strip
configure:6092: found /usr/bin/strip
configure:6103: result: strip
configure:6175: checking for ranlib
configure:6202: result: /Users/tlinton/Library/Emscripten/emscripten/1.16.0/emranlib
configure:6304: checking command to parse /usr/bin/nm output from /Users/tlinton/Library/Emscripten/emscripten/1.16.0/emcc object
configure:6424: /Users/tlinton/Library/Emscripten/emscripten/1.16.0/emcc -c   conftest.c >&5
configure:6427: $? = 0
configure:6431: /usr/bin/nm conftest.o \| sed -n -e 's/^.*[ ]\([BCDEGRST][BCDEGRST]*\)[ ][ ]*\([_A-Za-z][_A-Za-z0-9]*\)$/\1 \2 \2/p' | sed '/ __gnu_lto/d' \> conftest.nm
configure:6434: $? = 0
cannot find nm_test_var in conftest.nm
configure:6424: /Users/tlinton/Library/Emscripten/emscripten/1.16.0/emcc -c   conftest.c >&5
configure:6427: $? = 0
configure:6431: /usr/bin/nm conftest.o \| sed -n -e 's/^.*[ ]\([BCDEGRST][BCDEGRST]*\)[ ][ ]*_\([_A-Za-z][_A-Za-z0-9]*\)$/\1 _\2 \2/p' | sed '/ __gnu_lto/d' \> conftest.nm
configure:6434: $? = 0
configure:6500: /Users/tlinton/Library/Emscripten/emscripten/1.16.0/emcc -o conftest    conftest.c conftstm.o >&5
configure:6503: $? = 0
configure:6541: result: ok
configure:6578: checking for sysroot
configure:6608: result: no
configure:6864: checking for mt
configure:6894: result: no
configure:6914: checking if : is a manifest tool
configure:6920: : '-?'
configure:6928: result: no
configure:6984: checking for dsymutil
configure:7000: found /usr/bin/dsymutil
configure:7011: result: dsymutil
configure:7076: checking for nmedit
configure:7092: found /usr/bin/nmedit
configure:7103: result: nmedit
configure:7168: checking for lipo
configure:7184: found /usr/bin/lipo
configure:7195: result: lipo
configure:7260: checking for otool
configure:7276: found /usr/bin/otool
configure:7287: result: otool
configure:7352: checking for otool64
configure:7382: result: no
configure:7427: checking for -single_module linker flag
/Users/tlinton/Library/Emscripten/emscripten/1.16.0/emcc   -o libconftest.dylib -dynamiclib -Wl,-single_module conftest.c
configure:7460: result: yes
configure:7463: checking for -exported_symbols_list linker flag
configure:7483: /Users/tlinton/Library/Emscripten/emscripten/1.16.0/emcc -o conftest    -Wl,-exported_symbols_list,conftest.sym conftest.c  >&5
configure:7483: $? = 0
configure:7493: result: yes
configure:7496: checking for -force_load linker flag
/Users/tlinton/Library/Emscripten/emscripten/1.16.0/emcc  -c -o conftest.o conftest.c
/Users/tlinton/Library/Emscripten/emscripten/1.16.0/emar cru libconftest.a conftest.o
/Users/tlinton/Library/Emscripten/emscripten/1.16.0/emranlib libconftest.a
/Users/tlinton/Library/Emscripten/emscripten/1.16.0/emcc   -o conftest conftest.c -Wl,-force_load,./libconftest.a
ld: warning: ignoring file ./libconftest.a, file was built for archive which is not the architecture being linked (x86_64): ./libconftest.a
configure:7528: result: no
configure:7570: checking how to run the C preprocessor
configure:7601: /Users/tlinton/Library/Emscripten/emscripten/1.16.0/emcc -E  conftest.c
configure:7601: $? = 0
configure:7615: /Users/tlinton/Library/Emscripten/emscripten/1.16.0/emcc -E  conftest.c
conftest.c:11:10: fatal error: 'ac_nonexistent.h' file not found
#include <ac_nonexistent.h>
         ^
1 error generated.
configure:7615: $? = 1
configure: failed program was:
| /* confdefs.h */
| #define PACKAGE_NAME "pixman"
| #define PACKAGE_TARNAME "pixman"
| #define PACKAGE_VERSION "0.32.4"
| #define PACKAGE_STRING "pixman 0.32.4"
| #define PACKAGE_BUGREPORT "pixman@lists.freedesktop.org"
| #define PACKAGE_URL ""
| #define PACKAGE "pixman"
| #define VERSION "0.32.4"
| /* end confdefs.h.  */
| #include <ac_nonexistent.h>
configure:7640: result: /Users/tlinton/Library/Emscripten/emscripten/1.16.0/emcc -E
configure:7660: /Users/tlinton/Library/Emscripten/emscripten/1.16.0/emcc -E  conftest.c
configure:7660: $? = 0
configure:7674: /Users/tlinton/Library/Emscripten/emscripten/1.16.0/emcc -E  conftest.c
conftest.c:11:10: fatal error: 'ac_nonexistent.h' file not found
#include <ac_nonexistent.h>
         ^
1 error generated.
configure:7674: $? = 1
configure: failed program was:
| /* confdefs.h */
| #define PACKAGE_NAME "pixman"
| #define PACKAGE_TARNAME "pixman"
| #define PACKAGE_VERSION "0.32.4"
| #define PACKAGE_STRING "pixman 0.32.4"
| #define PACKAGE_BUGREPORT "pixman@lists.freedesktop.org"
| #define PACKAGE_URL ""
| #define PACKAGE "pixman"
| #define VERSION "0.32.4"
| /* end confdefs.h.  */
| #include <ac_nonexistent.h>
configure:7703: checking for ANSI C header files
configure:7723: /Users/tlinton/Library/Emscripten/emscripten/1.16.0/emcc -c   conftest.c >&5
configure:7723: $? = 0
configure:7796: /Users/tlinton/Library/Emscripten/emscripten/1.16.0/emcc -o conftest    conftest.c  >&5
configure:7796: $? = 0
configure:7796: ./conftest
configure:7796: $? = 0
configure:7807: result: yes
configure:7820: checking for sys/types.h
configure:7820: /Users/tlinton/Library/Emscripten/emscripten/1.16.0/emcc -c   conftest.c >&5
configure:7820: $? = 0
configure:7820: result: yes
configure:7820: checking for sys/stat.h
configure:7820: /Users/tlinton/Library/Emscripten/emscripten/1.16.0/emcc -c   conftest.c >&5
configure:7820: $? = 0
configure:7820: result: yes
configure:7820: checking for stdlib.h
configure:7820: /Users/tlinton/Library/Emscripten/emscripten/1.16.0/emcc -c   conftest.c >&5
configure:7820: $? = 0
configure:7820: result: yes
configure:7820: checking for string.h
configure:7820: /Users/tlinton/Library/Emscripten/emscripten/1.16.0/emcc -c   conftest.c >&5
configure:7820: $? = 0
configure:7820: result: yes
configure:7820: checking for memory.h
configure:7820: /Users/tlinton/Library/Emscripten/emscripten/1.16.0/emcc -c   conftest.c >&5
configure:7820: $? = 0
configure:7820: result: yes
configure:7820: checking for strings.h
configure:7820: /Users/tlinton/Library/Emscripten/emscripten/1.16.0/emcc -c   conftest.c >&5
configure:7820: $? = 0
configure:7820: result: yes
configure:7820: checking for inttypes.h
configure:7820: /Users/tlinton/Library/Emscripten/emscripten/1.16.0/emcc -c   conftest.c >&5
configure:7820: $? = 0
configure:7820: result: yes
configure:7820: checking for stdint.h
configure:7820: /Users/tlinton/Library/Emscripten/emscripten/1.16.0/emcc -c   conftest.c >&5
configure:7820: $? = 0
configure:7820: result: yes
configure:7820: checking for unistd.h
configure:7820: /Users/tlinton/Library/Emscripten/emscripten/1.16.0/emcc -c   conftest.c >&5
configure:7820: $? = 0
configure:7820: result: yes
configure:7834: checking for dlfcn.h
configure:7834: /Users/tlinton/Library/Emscripten/emscripten/1.16.0/emcc -c   conftest.c >&5
configure:7834: $? = 0
configure:7834: result: yes
configure:8040: checking for objdir
configure:8055: result: .libs
configure:8322: checking if /Users/tlinton/Library/Emscripten/emscripten/1.16.0/emcc supports -fno-rtti -fno-exceptions
configure:8340: /Users/tlinton/Library/Emscripten/emscripten/1.16.0/emcc -c   -fno-rtti -fno-exceptions conftest.c >&5
configure:8344: $? = 0
configure:8357: result: yes
configure:8684: checking for /Users/tlinton/Library/Emscripten/emscripten/1.16.0/emcc option to produce PIC
configure:8691: result: -fno-common -DPIC
configure:8699: checking if /Users/tlinton/Library/Emscripten/emscripten/1.16.0/emcc PIC flag -fno-common -DPIC works
configure:8717: /Users/tlinton/Library/Emscripten/emscripten/1.16.0/emcc -c   -fno-common -DPIC -DPIC conftest.c >&5
configure:8721: $? = 0
configure:8734: result: yes
configure:8763: checking if /Users/tlinton/Library/Emscripten/emscripten/1.16.0/emcc static flag -static works
configure:8791: result: no
configure:8806: checking if /Users/tlinton/Library/Emscripten/emscripten/1.16.0/emcc supports -c -o file.o
configure:8827: /Users/tlinton/Library/Emscripten/emscripten/1.16.0/emcc -c   -o out/conftest2.o conftest.c >&5
configure:8831: $? = 0
configure:8853: result: yes
configure:8861: checking if /Users/tlinton/Library/Emscripten/emscripten/1.16.0/emcc supports -c -o file.o
configure:8908: result: yes
configure:8941: checking whether the /Users/tlinton/Library/Emscripten/emscripten/1.16.0/emcc linker (/Users/tlinton/Library/Emscripten/emscripten/1.16.0/emcc) supports shared libraries
configure:10094: result: yes
configure:10131: checking whether -lc should be explicitly linked in
configure:10139: /Users/tlinton/Library/Emscripten/emscripten/1.16.0/emcc -c   conftest.c >&5
configure:10142: $? = 0
configure:10157: /Users/tlinton/Library/Emscripten/emscripten/1.16.0/emcc -shared  -fno-common -DPIC conftest.o  -v -Wl,-soname -Wl,conftest -o conftest 2\>\&1 \| /usr/bin/grep  -lc  \>/dev/null 2\>\&1
configure:10160: $? = 1
configure:10174: result: yes
configure:10334: checking dynamic linker characteristics
configure:11080: result: darwin13.1.0 dyld
configure:11187: checking how to hardcode library paths into programs
configure:11212: result: immediate
configure:11752: checking whether stripping libraries is possible
configure:11766: result: yes
configure:11792: checking if libtool supports shared libraries
configure:11794: result: yes
configure:11797: checking whether to build shared libraries
configure:11818: result: yes
configure:11821: checking whether to build static libraries
configure:11825: result: yes
configure:11864: checking for getisax
configure:11864: /Users/tlinton/Library/Emscripten/emscripten/1.16.0/emcc -o conftest    conftest.c  >&5
Undefined symbols for architecture x86_64:
  "_getisax", referenced from:
      _main in conftest-U9gCk9.o
ld: symbol(s) not found for architecture x86_64
clang: error: linker command failed with exit code 1 (use -v to see invocation)
configure:11864: $? = 1
configure: failed program was:
| /* confdefs.h */
| #define PACKAGE_NAME "pixman"
| #define PACKAGE_TARNAME "pixman"
| #define PACKAGE_VERSION "0.32.4"
| #define PACKAGE_STRING "pixman 0.32.4"
| #define PACKAGE_BUGREPORT "pixman@lists.freedesktop.org"
| #define PACKAGE_URL ""
| #define PACKAGE "pixman"
| #define VERSION "0.32.4"
| #define STDC_HEADERS 1
| #define HAVE_SYS_TYPES_H 1
| #define HAVE_SYS_STAT_H 1
| #define HAVE_STDLIB_H 1
| #define HAVE_STRING_H 1
| #define HAVE_MEMORY_H 1
| #define HAVE_STRINGS_H 1
| #define HAVE_INTTYPES_H 1
| #define HAVE_STDINT_H 1
| #define HAVE_UNISTD_H 1
| #define HAVE_DLFCN_H 1
| #define LT_OBJDIR ".libs/"
| /* end confdefs.h.  */
| /* Define getisax to an innocuous variant, in case <limits.h> declares getisax.
|    For example, HP-UX 11i <limits.h> declares gettimeofday.  */
| #define getisax innocuous_getisax
| 
| /* System header to define __stub macros and hopefully few prototypes,
|     which can conflict with char getisax (); below.
|     Prefer <limits.h> to <assert.h> if __STDC__ is defined, since
|     <limits.h> exists even on freestanding compilers.  */
| 
| #ifdef __STDC__
| # include <limits.h>
| #else
| # include <assert.h>
| #endif
| 
| #undef getisax
| 
| /* Override any GCC internal prototype to avoid an error.
|    Use char because int might match the return type of a GCC
|    builtin and then its argument prototype would still apply.  */
| #ifdef __cplusplus
| extern "C"
| #endif
| char getisax ();
| /* The GNU C library defines this for functions which it implements
|     to always fail with ENOSYS.  Some functions are actually named
|     something starting with __ and the normal name is an alias.  */
| #if defined __stub_getisax || defined __stub___getisax
| choke me
| #endif
| 
| int
| main ()
| {
| return getisax ();
|   ;
|   return 0;
| }
configure:11864: result: no
configure:11873: checking whether byte ordering is bigendian
configure:11888: /Users/tlinton/Library/Emscripten/emscripten/1.16.0/emcc -c   conftest.c >&5
configure:11888: $? = 0
configure:11933: /Users/tlinton/Library/Emscripten/emscripten/1.16.0/emcc -c   conftest.c >&5
configure:11933: $? = 0
configure:11951: /Users/tlinton/Library/Emscripten/emscripten/1.16.0/emcc -c   conftest.c >&5
conftest.c:30:4: error: use of undeclared identifier 'not'
                 not big endian
                 ^
1 error generated.
configure:11951: $? = 1
configure: failed program was:
| /* confdefs.h */
| #define PACKAGE_NAME "pixman"
| #define PACKAGE_TARNAME "pixman"
| #define PACKAGE_VERSION "0.32.4"
| #define PACKAGE_STRING "pixman 0.32.4"
| #define PACKAGE_BUGREPORT "pixman@lists.freedesktop.org"
| #define PACKAGE_URL ""
| #define PACKAGE "pixman"
| #define VERSION "0.32.4"
| #define STDC_HEADERS 1
| #define HAVE_SYS_TYPES_H 1
| #define HAVE_SYS_STAT_H 1
| #define HAVE_STDLIB_H 1
| #define HAVE_STRING_H 1
| #define HAVE_MEMORY_H 1
| #define HAVE_STRINGS_H 1
| #define HAVE_INTTYPES_H 1
| #define HAVE_STDINT_H 1
| #define HAVE_UNISTD_H 1
| #define HAVE_DLFCN_H 1
| #define LT_OBJDIR ".libs/"
| /* end confdefs.h.  */
| #include <sys/types.h>
| 		#include <sys/param.h>
| 
| int
| main ()
| {
| #if BYTE_ORDER != BIG_ENDIAN
| 		 not big endian
| 		#endif
| 
|   ;
|   return 0;
| }
configure:12079: result: no
configure:12097: checking for inline
configure:12113: /Users/tlinton/Library/Emscripten/emscripten/1.16.0/emcc -c   conftest.c >&5
configure:12113: $? = 0
configure:12121: result: inline
configure:12145: checking whether the compiler supports -Werror
configure:12161: /Users/tlinton/Library/Emscripten/emscripten/1.16.0/emcc -o conftest  -Werror    conftest.c   >&5
configure:12161: $? = 0
configure:12184: result: yes
configure:12195: checking size of long
configure:12200: /Users/tlinton/Library/Emscripten/emscripten/1.16.0/emcc -o conftest    conftest.c  >&5
configure:12200: $? = 0
configure:12200: ./conftest
configure:12200: $? = 0
configure:12214: result: 8
configure:12226: checking whether __SUNPRO_C is declared
configure:12226: /Users/tlinton/Library/Emscripten/emscripten/1.16.0/emcc -c   conftest.c >&5
conftest.c:64:10: error: use of undeclared identifier '__SUNPRO_C'
  (void) __SUNPRO_C;
         ^
1 error generated.
configure:12226: $? = 1
configure: failed program was:
| /* confdefs.h */
| #define PACKAGE_NAME "pixman"
| #define PACKAGE_TARNAME "pixman"
| #define PACKAGE_VERSION "0.32.4"
| #define PACKAGE_STRING "pixman 0.32.4"
| #define PACKAGE_BUGREPORT "pixman@lists.freedesktop.org"
| #define PACKAGE_URL ""
| #define PACKAGE "pixman"
| #define VERSION "0.32.4"
| #define STDC_HEADERS 1
| #define HAVE_SYS_TYPES_H 1
| #define HAVE_SYS_STAT_H 1
| #define HAVE_STDLIB_H 1
| #define HAVE_STRING_H 1
| #define HAVE_MEMORY_H 1
| #define HAVE_STRINGS_H 1
| #define HAVE_INTTYPES_H 1
| #define HAVE_STDINT_H 1
| #define HAVE_UNISTD_H 1
| #define HAVE_DLFCN_H 1
| #define LT_OBJDIR ".libs/"
| #define SIZEOF_LONG 8
| /* end confdefs.h.  */
| #include <stdio.h>
| #ifdef HAVE_SYS_TYPES_H
| # include <sys/types.h>
| #endif
| #ifdef HAVE_SYS_STAT_H
| # include <sys/stat.h>
| #endif
| #ifdef STDC_HEADERS
| # include <stdlib.h>
| # include <stddef.h>
| #else
| # ifdef HAVE_STDLIB_H
| #  include <stdlib.h>
| # endif
| #endif
| #ifdef HAVE_STRING_H
| # if !defined STDC_HEADERS && defined HAVE_MEMORY_H
| #  include <memory.h>
| # endif
| # include <string.h>
| #endif
| #ifdef HAVE_STRINGS_H
| # include <strings.h>
| #endif
| #ifdef HAVE_INTTYPES_H
| # include <inttypes.h>
| #endif
| #ifdef HAVE_STDINT_H
| # include <stdint.h>
| #endif
| #ifdef HAVE_UNISTD_H
| # include <unistd.h>
| #endif
| int
| main ()
| {
| #ifndef __SUNPRO_C
| #ifdef __cplusplus
|   (void) __SUNPRO_C;
| #else
|   (void) __SUNPRO_C;
| #endif
| #endif
| 
|   ;
|   return 0;
| }
configure:12226: result: no
configure:12233: checking whether __amd64 is declared
configure:12233: /Users/tlinton/Library/Emscripten/emscripten/1.16.0/emcc -c   conftest.c >&5
configure:12233: $? = 0
configure:12233: result: yes
configure:12274: checking whether the compiler supports -Wall
configure:12292: /Users/tlinton/Library/Emscripten/emscripten/1.16.0/emcc -o conftest  -Werror -Wall    conftest.c   >&5
configure:12292: $? = 0
configure:12318: result: yes
configure:12321: checking whether the compiler supports -Wdeclaration-after-statement
configure:12339: /Users/tlinton/Library/Emscripten/emscripten/1.16.0/emcc -o conftest  -Wall -Werror -Wdeclaration-after-statement    conftest.c   >&5
configure:12339: $? = 0
configure:12365: result: yes
configure:12368: checking whether the compiler supports -fno-strict-aliasing
configure:12386: /Users/tlinton/Library/Emscripten/emscripten/1.16.0/emcc -o conftest  -Wall -Wdeclaration-after-statement -Werror -fno-strict-aliasing    conftest.c   >&5
configure:12386: $? = 0
configure:12412: result: yes
configure:12427: checking for /Users/tlinton/Library/Emscripten/emscripten/1.16.0/emcc option to support OpenMP
configure:12442: /Users/tlinton/Library/Emscripten/emscripten/1.16.0/emcc -o conftest  -Wall -Wdeclaration-after-statement -fno-strict-aliasing   conftest.c  >&5
conftest.c:26:2: error: unknown type name 'choke'
 choke me
 ^
conftest.c:28:10: fatal error: 'omp.h' file not found
#include <omp.h>
         ^
2 errors generated.
configure:12442: $? = 1
configure: failed program was:
| /* confdefs.h */
| #define PACKAGE_NAME "pixman"
| #define PACKAGE_TARNAME "pixman"
| #define PACKAGE_VERSION "0.32.4"
| #define PACKAGE_STRING "pixman 0.32.4"
| #define PACKAGE_BUGREPORT "pixman@lists.freedesktop.org"
| #define PACKAGE_URL ""
| #define PACKAGE "pixman"
| #define VERSION "0.32.4"
| #define STDC_HEADERS 1
| #define HAVE_SYS_TYPES_H 1
| #define HAVE_SYS_STAT_H 1
| #define HAVE_STDLIB_H 1
| #define HAVE_STRING_H 1
| #define HAVE_MEMORY_H 1
| #define HAVE_STRINGS_H 1
| #define HAVE_INTTYPES_H 1
| #define HAVE_STDINT_H 1
| #define HAVE_UNISTD_H 1
| #define HAVE_DLFCN_H 1
| #define LT_OBJDIR ".libs/"
| #define SIZEOF_LONG 8
| /* end confdefs.h.  */
| 
| #ifndef _OPENMP
|  choke me
| #endif
| #include <omp.h>
| int main () { return omp_get_num_threads (); }
| 
configure:12460: /Users/tlinton/Library/Emscripten/emscripten/1.16.0/emcc -o conftest  -Wall -Wdeclaration-after-statement -fno-strict-aliasing -fopenmp   conftest.c  >&5
conftest.c:26:2: error: unknown type name 'choke'
 choke me
 ^
conftest.c:28:10: fatal error: 'omp.h' file not found
#include <omp.h>
         ^
2 errors generated.
configure:12460: $? = 1
configure: failed program was:
| /* confdefs.h */
| #define PACKAGE_NAME "pixman"
| #define PACKAGE_TARNAME "pixman"
| #define PACKAGE_VERSION "0.32.4"
| #define PACKAGE_STRING "pixman 0.32.4"
| #define PACKAGE_BUGREPORT "pixman@lists.freedesktop.org"
| #define PACKAGE_URL ""
| #define PACKAGE "pixman"
| #define VERSION "0.32.4"
| #define STDC_HEADERS 1
| #define HAVE_SYS_TYPES_H 1
| #define HAVE_SYS_STAT_H 1
| #define HAVE_STDLIB_H 1
| #define HAVE_STRING_H 1
| #define HAVE_MEMORY_H 1
| #define HAVE_STRINGS_H 1
| #define HAVE_INTTYPES_H 1
| #define HAVE_STDINT_H 1
| #define HAVE_UNISTD_H 1
| #define HAVE_DLFCN_H 1
| #define LT_OBJDIR ".libs/"
| #define SIZEOF_LONG 8
| /* end confdefs.h.  */
| 
| #ifndef _OPENMP
|  choke me
| #endif
| #include <omp.h>
| int main () { return omp_get_num_threads (); }
| 
configure:12460: /Users/tlinton/Library/Emscripten/emscripten/1.16.0/emcc -o conftest  -Wall -Wdeclaration-after-statement -fno-strict-aliasing -xopenmp   conftest.c  >&5
clang: error: language not recognized: 'openmp'
configure:12460: $? = 1
configure: failed program was:
| /* confdefs.h */
| #define PACKAGE_NAME "pixman"
| #define PACKAGE_TARNAME "pixman"
| #define PACKAGE_VERSION "0.32.4"
| #define PACKAGE_STRING "pixman 0.32.4"
| #define PACKAGE_BUGREPORT "pixman@lists.freedesktop.org"
| #define PACKAGE_URL ""
| #define PACKAGE "pixman"
| #define VERSION "0.32.4"
| #define STDC_HEADERS 1
| #define HAVE_SYS_TYPES_H 1
| #define HAVE_SYS_STAT_H 1
| #define HAVE_STDLIB_H 1
| #define HAVE_STRING_H 1
| #define HAVE_MEMORY_H 1
| #define HAVE_STRINGS_H 1
| #define HAVE_INTTYPES_H 1
| #define HAVE_STDINT_H 1
| #define HAVE_UNISTD_H 1
| #define HAVE_DLFCN_H 1
| #define LT_OBJDIR ".libs/"
| #define SIZEOF_LONG 8
| /* end confdefs.h.  */
| 
| #ifndef _OPENMP
|  choke me
| #endif
| #include <omp.h>
| int main () { return omp_get_num_threads (); }
| 
configure:12460: /Users/tlinton/Library/Emscripten/emscripten/1.16.0/emcc -o conftest  -Wall -Wdeclaration-after-statement -fno-strict-aliasing -openmp   conftest.c  >&5
conftest.c:26:2: error: unknown type name 'choke'
 choke me
 ^
conftest.c:28:10: fatal error: 'omp.h' file not found
#include <omp.h>
         ^
2 errors generated.
configure:12460: $? = 1
configure: failed program was:
| /* confdefs.h */
| #define PACKAGE_NAME "pixman"
| #define PACKAGE_TARNAME "pixman"
| #define PACKAGE_VERSION "0.32.4"
| #define PACKAGE_STRING "pixman 0.32.4"
| #define PACKAGE_BUGREPORT "pixman@lists.freedesktop.org"
| #define PACKAGE_URL ""
| #define PACKAGE "pixman"
| #define VERSION "0.32.4"
| #define STDC_HEADERS 1
| #define HAVE_SYS_TYPES_H 1
| #define HAVE_SYS_STAT_H 1
| #define HAVE_STDLIB_H 1
| #define HAVE_STRING_H 1
| #define HAVE_MEMORY_H 1
| #define HAVE_STRINGS_H 1
| #define HAVE_INTTYPES_H 1
| #define HAVE_STDINT_H 1
| #define HAVE_UNISTD_H 1
| #define HAVE_DLFCN_H 1
| #define LT_OBJDIR ".libs/"
| #define SIZEOF_LONG 8
| /* end confdefs.h.  */
| 
| #ifndef _OPENMP
|  choke me
| #endif
| #include <omp.h>
| int main () { return omp_get_num_threads (); }
| 
configure:12460: /Users/tlinton/Library/Emscripten/emscripten/1.16.0/emcc -o conftest  -Wall -Wdeclaration-after-statement -fno-strict-aliasing -mp   conftest.c  >&5
clang: warning: argument unused during compilation: '-mp'
conftest.c:26:2: error: unknown type name 'choke'
 choke me
 ^
conftest.c:28:10: fatal error: 'omp.h' file not found
#include <omp.h>
         ^
2 errors generated.
configure:12460: $? = 1
configure: failed program was:
| /* confdefs.h */
| #define PACKAGE_NAME "pixman"
| #define PACKAGE_TARNAME "pixman"
| #define PACKAGE_VERSION "0.32.4"
| #define PACKAGE_STRING "pixman 0.32.4"
| #define PACKAGE_BUGREPORT "pixman@lists.freedesktop.org"
| #define PACKAGE_URL ""
| #define PACKAGE "pixman"
| #define VERSION "0.32.4"
| #define STDC_HEADERS 1
| #define HAVE_SYS_TYPES_H 1
| #define HAVE_SYS_STAT_H 1
| #define HAVE_STDLIB_H 1
| #define HAVE_STRING_H 1
| #define HAVE_MEMORY_H 1
| #define HAVE_STRINGS_H 1
| #define HAVE_INTTYPES_H 1
| #define HAVE_STDINT_H 1
| #define HAVE_UNISTD_H 1
| #define HAVE_DLFCN_H 1
| #define LT_OBJDIR ".libs/"
| #define SIZEOF_LONG 8
| /* end confdefs.h.  */
| 
| #ifndef _OPENMP
|  choke me
| #endif
| #include <omp.h>
| int main () { return omp_get_num_threads (); }
| 
configure:12460: /Users/tlinton/Library/Emscripten/emscripten/1.16.0/emcc -o conftest  -Wall -Wdeclaration-after-statement -fno-strict-aliasing -omp   conftest.c  >&5
conftest.c:26:2: error: unknown type name 'choke'
 choke me
 ^
conftest.c:28:10: fatal error: 'omp.h' file not found
#include <omp.h>
         ^
2 errors generated.
configure:12460: $? = 1
configure: failed program was:
| /* confdefs.h */
| #define PACKAGE_NAME "pixman"
| #define PACKAGE_TARNAME "pixman"
| #define PACKAGE_VERSION "0.32.4"
| #define PACKAGE_STRING "pixman 0.32.4"
| #define PACKAGE_BUGREPORT "pixman@lists.freedesktop.org"
| #define PACKAGE_URL ""
| #define PACKAGE "pixman"
| #define VERSION "0.32.4"
| #define STDC_HEADERS 1
| #define HAVE_SYS_TYPES_H 1
| #define HAVE_SYS_STAT_H 1
| #define HAVE_STDLIB_H 1
| #define HAVE_STRING_H 1
| #define HAVE_MEMORY_H 1
| #define HAVE_STRINGS_H 1
| #define HAVE_INTTYPES_H 1
| #define HAVE_STDINT_H 1
| #define HAVE_UNISTD_H 1
| #define HAVE_DLFCN_H 1
| #define LT_OBJDIR ".libs/"
| #define SIZEOF_LONG 8
| /* end confdefs.h.  */
| 
| #ifndef _OPENMP
|  choke me
| #endif
| #include <omp.h>
| int main () { return omp_get_num_threads (); }
| 
configure:12460: /Users/tlinton/Library/Emscripten/emscripten/1.16.0/emcc -o conftest  -Wall -Wdeclaration-after-statement -fno-strict-aliasing -qsmp=omp   conftest.c  >&5
clang: warning: argument unused during compilation: '-qsmp=omp'
conftest.c:26:2: error: unknown type name 'choke'
 choke me
 ^
conftest.c:28:10: fatal error: 'omp.h' file not found
#include <omp.h>
         ^
2 errors generated.
configure:12460: $? = 1
configure: failed program was:
| /* confdefs.h */
| #define PACKAGE_NAME "pixman"
| #define PACKAGE_TARNAME "pixman"
| #define PACKAGE_VERSION "0.32.4"
| #define PACKAGE_STRING "pixman 0.32.4"
| #define PACKAGE_BUGREPORT "pixman@lists.freedesktop.org"
| #define PACKAGE_URL ""
| #define PACKAGE "pixman"
| #define VERSION "0.32.4"
| #define STDC_HEADERS 1
| #define HAVE_SYS_TYPES_H 1
| #define HAVE_SYS_STAT_H 1
| #define HAVE_STDLIB_H 1
| #define HAVE_STRING_H 1
| #define HAVE_MEMORY_H 1
| #define HAVE_STRINGS_H 1
| #define HAVE_INTTYPES_H 1
| #define HAVE_STDINT_H 1
| #define HAVE_UNISTD_H 1
| #define HAVE_DLFCN_H 1
| #define LT_OBJDIR ".libs/"
| #define SIZEOF_LONG 8
| /* end confdefs.h.  */
| 
| #ifndef _OPENMP
|  choke me
| #endif
| #include <omp.h>
| int main () { return omp_get_num_threads (); }
| 
configure:12460: /Users/tlinton/Library/Emscripten/emscripten/1.16.0/emcc -o conftest  -Wall -Wdeclaration-after-statement -fno-strict-aliasing -homp   conftest.c  >&5
clang: warning: argument unused during compilation: '-homp'
conftest.c:26:2: error: unknown type name 'choke'
 choke me
 ^
conftest.c:28:10: fatal error: 'omp.h' file not found
#include <omp.h>
         ^
2 errors generated.
configure:12460: $? = 1
configure: failed program was:
| /* confdefs.h */
| #define PACKAGE_NAME "pixman"
| #define PACKAGE_TARNAME "pixman"
| #define PACKAGE_VERSION "0.32.4"
| #define PACKAGE_STRING "pixman 0.32.4"
| #define PACKAGE_BUGREPORT "pixman@lists.freedesktop.org"
| #define PACKAGE_URL ""
| #define PACKAGE "pixman"
| #define VERSION "0.32.4"
| #define STDC_HEADERS 1
| #define HAVE_SYS_TYPES_H 1
| #define HAVE_SYS_STAT_H 1
| #define HAVE_STDLIB_H 1
| #define HAVE_STRING_H 1
| #define HAVE_MEMORY_H 1
| #define HAVE_STRINGS_H 1
| #define HAVE_INTTYPES_H 1
| #define HAVE_STDINT_H 1
| #define HAVE_UNISTD_H 1
| #define HAVE_DLFCN_H 1
| #define LT_OBJDIR ".libs/"
| #define SIZEOF_LONG 8
| /* end confdefs.h.  */
| 
| #ifndef _OPENMP
|  choke me
| #endif
| #include <omp.h>
| int main () { return omp_get_num_threads (); }
| 
configure:12460: /Users/tlinton/Library/Emscripten/emscripten/1.16.0/emcc -o conftest  -Wall -Wdeclaration-after-statement -fno-strict-aliasing -Popenmp   conftest.c  >&5
clang: warning: argument unused during compilation: '-Popenmp'
conftest.c:26:2: error: unknown type name 'choke'
 choke me
 ^
conftest.c:28:10: fatal error: 'omp.h' file not found
#include <omp.h>
         ^
2 errors generated.
configure:12460: $? = 1
configure: failed program was:
| /* confdefs.h */
| #define PACKAGE_NAME "pixman"
| #define PACKAGE_TARNAME "pixman"
| #define PACKAGE_VERSION "0.32.4"
| #define PACKAGE_STRING "pixman 0.32.4"
| #define PACKAGE_BUGREPORT "pixman@lists.freedesktop.org"
| #define PACKAGE_URL ""
| #define PACKAGE "pixman"
| #define VERSION "0.32.4"
| #define STDC_HEADERS 1
| #define HAVE_SYS_TYPES_H 1
| #define HAVE_SYS_STAT_H 1
| #define HAVE_STDLIB_H 1
| #define HAVE_STRING_H 1
| #define HAVE_MEMORY_H 1
| #define HAVE_STRINGS_H 1
| #define HAVE_INTTYPES_H 1
| #define HAVE_STDINT_H 1
| #define HAVE_UNISTD_H 1
| #define HAVE_DLFCN_H 1
| #define LT_OBJDIR ".libs/"
| #define SIZEOF_LONG 8
| /* end confdefs.h.  */
| 
| #ifndef _OPENMP
|  choke me
| #endif
| #include <omp.h>
| int main () { return omp_get_num_threads (); }
| 
configure:12460: /Users/tlinton/Library/Emscripten/emscripten/1.16.0/emcc -o conftest  -Wall -Wdeclaration-after-statement -fno-strict-aliasing --openmp   conftest.c  >&5
clang: error: unsupported option '--openmp'
configure:12460: $? = 1
configure: failed program was:
| /* confdefs.h */
| #define PACKAGE_NAME "pixman"
| #define PACKAGE_TARNAME "pixman"
| #define PACKAGE_VERSION "0.32.4"
| #define PACKAGE_STRING "pixman 0.32.4"
| #define PACKAGE_BUGREPORT "pixman@lists.freedesktop.org"
| #define PACKAGE_URL ""
| #define PACKAGE "pixman"
| #define VERSION "0.32.4"
| #define STDC_HEADERS 1
| #define HAVE_SYS_TYPES_H 1
| #define HAVE_SYS_STAT_H 1
| #define HAVE_STDLIB_H 1
| #define HAVE_STRING_H 1
| #define HAVE_MEMORY_H 1
| #define HAVE_STRINGS_H 1
| #define HAVE_INTTYPES_H 1
| #define HAVE_STDINT_H 1
| #define HAVE_UNISTD_H 1
| #define HAVE_DLFCN_H 1
| #define LT_OBJDIR ".libs/"
| #define SIZEOF_LONG 8
| /* end confdefs.h.  */
| 
| #ifndef _OPENMP
|  choke me
| #endif
| #include <omp.h>
| int main () { return omp_get_num_threads (); }
| 
configure:12474: result: unsupported
configure:12572: checking whether the compiler supports -fvisibility=hidden
configure:12597: /Users/tlinton/Library/Emscripten/emscripten/1.16.0/emcc -o conftest  -Wall -Wdeclaration-after-statement -fno-strict-aliasing -Werror -fvisibility=hidden    conftest.c   >&5
configure:12597: $? = 0
configure:12623: result: yes
configure:12627: checking whether the compiler supports -xldscope=hidden
configure:12649: /Users/tlinton/Library/Emscripten/emscripten/1.16.0/emcc -o conftest  -Wall -Wdeclaration-after-statement -fno-strict-aliasing -fvisibility=hidden -Werror -xldscope=hidden    conftest.c   >&5
clang: error: language not recognized: 'ldscope=hidden'
configure:12649: $? = 1
configure: failed program was:
| /* confdefs.h */
| #define PACKAGE_NAME "pixman"
| #define PACKAGE_TARNAME "pixman"
| #define PACKAGE_VERSION "0.32.4"
| #define PACKAGE_STRING "pixman 0.32.4"
| #define PACKAGE_BUGREPORT "pixman@lists.freedesktop.org"
| #define PACKAGE_URL ""
| #define PACKAGE "pixman"
| #define VERSION "0.32.4"
| #define STDC_HEADERS 1
| #define HAVE_SYS_TYPES_H 1
| #define HAVE_SYS_STAT_H 1
| #define HAVE_STDLIB_H 1
| #define HAVE_STRING_H 1
| #define HAVE_MEMORY_H 1
| #define HAVE_STRINGS_H 1
| #define HAVE_INTTYPES_H 1
| #define HAVE_STDINT_H 1
| #define HAVE_UNISTD_H 1
| #define HAVE_DLFCN_H 1
| #define LT_OBJDIR ".libs/"
| #define SIZEOF_LONG 8
| /* end confdefs.h.  */
| #if defined(__SUNPRO_C) && (__SUNPRO_C >= 0x550)
| #else
| #error Need Sun Studio 8 for visibility
| #endif
| 
| 		 int main(int c, char **v) { (void)c; (void)v; return 0; }
| 
configure:12675: result: no
configure:12685: checking whether to use Loongson MMI assembler
configure:12710: /Users/tlinton/Library/Emscripten/emscripten/1.16.0/emcc -o conftest  -march=loongson2f  -Wall -Wdeclaration-after-statement -fno-strict-aliasing -fvisibility=hidden -I.   conftest.c  >&5
error: unknown target CPU 'loongson2f'
configure:12710: $? = 1
configure: failed program was:
| /* confdefs.h */
| #define PACKAGE_NAME "pixman"
| #define PACKAGE_TARNAME "pixman"
| #define PACKAGE_VERSION "0.32.4"
| #define PACKAGE_STRING "pixman 0.32.4"
| #define PACKAGE_BUGREPORT "pixman@lists.freedesktop.org"
| #define PACKAGE_URL ""
| #define PACKAGE "pixman"
| #define VERSION "0.32.4"
| #define STDC_HEADERS 1
| #define HAVE_SYS_TYPES_H 1
| #define HAVE_SYS_STAT_H 1
| #define HAVE_STDLIB_H 1
| #define HAVE_STRING_H 1
| #define HAVE_MEMORY_H 1
| #define HAVE_STRINGS_H 1
| #define HAVE_INTTYPES_H 1
| #define HAVE_STDINT_H 1
| #define HAVE_UNISTD_H 1
| #define HAVE_DLFCN_H 1
| #define LT_OBJDIR ".libs/"
| #define SIZEOF_LONG 8
| /* end confdefs.h.  */
| 
| #ifndef __mips_loongson_vector_rev
| #error "Loongson Multimedia Instructions are only available on Loongson"
| #endif
| #if defined(__GNUC__) && (__GNUC__ < 4 || (__GNUC__ == 4 && __GNUC_MINOR__ < 4))
| #error "Need GCC >= 4.4 for Loongson MMI compilation"
| #endif
| #include "pixman/loongson-mmintrin.h"
| int main () {
|     union {
|         __m64 v;
|         char c[8];
|     } a = { .c = {1, 2, 3, 4, 5, 6, 7, 8} };
|     int b = 4;
|     __m64 c = _mm_srli_pi16 (a.v, b);
|     return 0;
| }
configure:12737: result: no
configure:12767: checking whether to use MMX intrinsics
configure:12797: /Users/tlinton/Library/Emscripten/emscripten/1.16.0/emcc -c -mmmx -Winline  -Wall -Wdeclaration-after-statement -fno-strict-aliasing -fvisibility=hidden  conftest.c >&5
conftest.c:28:10: fatal error: 'mmintrin.h' file not found
#include <mmintrin.h>
         ^
1 error generated.
configure:12797: $? = 1
configure: failed program was:
| /* confdefs.h */
| #define PACKAGE_NAME "pixman"
| #define PACKAGE_TARNAME "pixman"
| #define PACKAGE_VERSION "0.32.4"
| #define PACKAGE_STRING "pixman 0.32.4"
| #define PACKAGE_BUGREPORT "pixman@lists.freedesktop.org"
| #define PACKAGE_URL ""
| #define PACKAGE "pixman"
| #define VERSION "0.32.4"
| #define STDC_HEADERS 1
| #define HAVE_SYS_TYPES_H 1
| #define HAVE_SYS_STAT_H 1
| #define HAVE_STDLIB_H 1
| #define HAVE_STRING_H 1
| #define HAVE_MEMORY_H 1
| #define HAVE_STRINGS_H 1
| #define HAVE_INTTYPES_H 1
| #define HAVE_STDINT_H 1
| #define HAVE_UNISTD_H 1
| #define HAVE_DLFCN_H 1
| #define LT_OBJDIR ".libs/"
| #define SIZEOF_LONG 8
| /* end confdefs.h.  */
| 
| #if defined(__GNUC__) && (__GNUC__ < 3 || (__GNUC__ == 3 && __GNUC_MINOR__ < 4))
| #error "Need GCC >= 3.4 for MMX intrinsics"
| #endif
| #include <mmintrin.h>
| int main () {
|     __m64 v = _mm_cvtsi32_si64 (1);
|     __m64 w;
| 
|     /* Some versions of clang will choke on K */
|     asm ("pshufw %2, %1, %0\n\t"
|         : "=y" (w)
|         : "y" (v), "K" (5)
|     );
| 
|     /* Some versions of clang will choke on this */
|     asm ("pmulhuw %1, %0\n\t"
| 	: "+y" (w)
| 	: "y" (v)
|     );
| 
|     return _mm_cvtsi64_si32 (v);
| }
configure:12823: result: no
configure:12851: checking whether to use SSE2 intrinsics
configure:12873: /Users/tlinton/Library/Emscripten/emscripten/1.16.0/emcc -c -msse2 -Winline  -Wall -Wdeclaration-after-statement -fno-strict-aliasing -fvisibility=hidden  conftest.c >&5
conftest.c:30:10: fatal error: 'mmintrin.h' file not found
#include <mmintrin.h>
         ^
1 error generated.
configure:12873: $? = 1
configure: failed program was:
| /* confdefs.h */
| #define PACKAGE_NAME "pixman"
| #define PACKAGE_TARNAME "pixman"
| #define PACKAGE_VERSION "0.32.4"
| #define PACKAGE_STRING "pixman 0.32.4"
| #define PACKAGE_BUGREPORT "pixman@lists.freedesktop.org"
| #define PACKAGE_URL ""
| #define PACKAGE "pixman"
| #define VERSION "0.32.4"
| #define STDC_HEADERS 1
| #define HAVE_SYS_TYPES_H 1
| #define HAVE_SYS_STAT_H 1
| #define HAVE_STDLIB_H 1
| #define HAVE_STRING_H 1
| #define HAVE_MEMORY_H 1
| #define HAVE_STRINGS_H 1
| #define HAVE_INTTYPES_H 1
| #define HAVE_STDINT_H 1
| #define HAVE_UNISTD_H 1
| #define HAVE_DLFCN_H 1
| #define LT_OBJDIR ".libs/"
| #define SIZEOF_LONG 8
| /* end confdefs.h.  */
| 
| #if defined(__GNUC__) && (__GNUC__ < 4 || (__GNUC__ == 4 && __GNUC_MINOR__ < 2))
| #   if !defined(__amd64__) && !defined(__x86_64__)
| #      error "Need GCC >= 4.2 for SSE2 intrinsics on x86"
| #   endif
| #endif
| #include <mmintrin.h>
| #include <xmmintrin.h>
| #include <emmintrin.h>
| int main () {
|     __m128i a = _mm_set1_epi32 (0), b = _mm_set1_epi32 (0), c;
| 	c = _mm_xor_si128 (a, b);
|     return 0;
| }
configure:12897: result: no
configure:12918: checking whether to use SSSE3 intrinsics
configure:12936: /Users/tlinton/Library/Emscripten/emscripten/1.16.0/emcc -c -mssse3 -Winline  -Wall -Wdeclaration-after-statement -fno-strict-aliasing -fvisibility=hidden  conftest.c >&5
conftest.c:25:10: fatal error: 'mmintrin.h' file not found
#include <mmintrin.h>
         ^
1 error generated.
configure:12936: $? = 1
configure: failed program was:
| /* confdefs.h */
| #define PACKAGE_NAME "pixman"
| #define PACKAGE_TARNAME "pixman"
| #define PACKAGE_VERSION "0.32.4"
| #define PACKAGE_STRING "pixman 0.32.4"
| #define PACKAGE_BUGREPORT "pixman@lists.freedesktop.org"
| #define PACKAGE_URL ""
| #define PACKAGE "pixman"
| #define VERSION "0.32.4"
| #define STDC_HEADERS 1
| #define HAVE_SYS_TYPES_H 1
| #define HAVE_SYS_STAT_H 1
| #define HAVE_STDLIB_H 1
| #define HAVE_STRING_H 1
| #define HAVE_MEMORY_H 1
| #define HAVE_STRINGS_H 1
| #define HAVE_INTTYPES_H 1
| #define HAVE_STDINT_H 1
| #define HAVE_UNISTD_H 1
| #define HAVE_DLFCN_H 1
| #define LT_OBJDIR ".libs/"
| #define SIZEOF_LONG 8
| /* end confdefs.h.  */
| 
| #include <mmintrin.h>
| #include <xmmintrin.h>
| #include <emmintrin.h>
| #include <tmmintrin.h>
| int main () {
|     __m128i a = _mm_set1_epi32 (0), b = _mm_set1_epi32 (0), c;
|     c = _mm_maddubs_epi16 (a, b);
|     return 0;
| }
configure:12960: result: no
configure:13027: checking whether to use VMX/Altivec intrinsics
configure:13044: /Users/tlinton/Library/Emscripten/emscripten/1.16.0/emcc -c -maltivec -mabi=altivec  -Wall -Wdeclaration-after-statement -fno-strict-aliasing -fvisibility=hidden  conftest.c >&5
clang: error: invalid argument '-faltivec' only allowed with 'ppc/ppc64'
configure:13044: $? = 1
configure: failed program was:
| /* confdefs.h */
| #define PACKAGE_NAME "pixman"
| #define PACKAGE_TARNAME "pixman"
| #define PACKAGE_VERSION "0.32.4"
| #define PACKAGE_STRING "pixman 0.32.4"
| #define PACKAGE_BUGREPORT "pixman@lists.freedesktop.org"
| #define PACKAGE_URL ""
| #define PACKAGE "pixman"
| #define VERSION "0.32.4"
| #define STDC_HEADERS 1
| #define HAVE_SYS_TYPES_H 1
| #define HAVE_SYS_STAT_H 1
| #define HAVE_STDLIB_H 1
| #define HAVE_STRING_H 1
| #define HAVE_MEMORY_H 1
| #define HAVE_STRINGS_H 1
| #define HAVE_INTTYPES_H 1
| #define HAVE_STDINT_H 1
| #define HAVE_UNISTD_H 1
| #define HAVE_DLFCN_H 1
| #define LT_OBJDIR ".libs/"
| #define SIZEOF_LONG 8
| /* end confdefs.h.  */
| 
| #if defined(__GNUC__) && (__GNUC__ < 3 || (__GNUC__ == 3 && __GNUC_MINOR__ < 4))
| #error "Need GCC >= 3.4 for sane altivec support"
| #endif
| #include <altivec.h>
| int main () {
|     vector unsigned int v = vec_splat_u32 (1);
|     v = vec_sub (v, v);
|     return 0;
| }
configure:13070: result: no
configure:13088: checking whether to use ARM SIMD assembler
configure:13106: /Users/tlinton/Library/Emscripten/emscripten/1.16.0/emcc -c -x assembler-with-cpp  -Wall -Wdeclaration-after-statement -fno-strict-aliasing -fvisibility=hidden  conftest.c >&5
conftest.c:31:2: error: EABI is required (to be sure that calling conventions are compatible)
#error EABI is required (to be sure that calling conventions are compatible)
 ^
1 error generated.
configure:13106: $? = 1
configure: failed program was:
| /* confdefs.h */
| #define PACKAGE_NAME "pixman"
| #define PACKAGE_TARNAME "pixman"
| #define PACKAGE_VERSION "0.32.4"
| #define PACKAGE_STRING "pixman 0.32.4"
| #define PACKAGE_BUGREPORT "pixman@lists.freedesktop.org"
| #define PACKAGE_URL ""
| #define PACKAGE "pixman"
| #define VERSION "0.32.4"
| #define STDC_HEADERS 1
| #define HAVE_SYS_TYPES_H 1
| #define HAVE_SYS_STAT_H 1
| #define HAVE_STDLIB_H 1
| #define HAVE_STRING_H 1
| #define HAVE_MEMORY_H 1
| #define HAVE_STRINGS_H 1
| #define HAVE_INTTYPES_H 1
| #define HAVE_STDINT_H 1
| #define HAVE_UNISTD_H 1
| #define HAVE_DLFCN_H 1
| #define LT_OBJDIR ".libs/"
| #define SIZEOF_LONG 8
| /* end confdefs.h.  */
| 
| .text
| .arch armv6
| .object_arch armv4
| .arm
| .altmacro
| #ifndef __ARM_EABI__
| #error EABI is required (to be sure that calling conventions are compatible)
| #endif
| pld [r0]
| uqadd8 r0, r0, r0
configure:13139: result: no
configure:13146: checking whether to use ARM NEON assembler
configure:13166: /Users/tlinton/Library/Emscripten/emscripten/1.16.0/emcc -c -x assembler-with-cpp  -Wall -Wdeclaration-after-statement -fno-strict-aliasing -fvisibility=hidden  conftest.c >&5
conftest.c:33:2: error: EABI is required (to be sure that calling conventions are compatible)
#error EABI is required (to be sure that calling conventions are compatible)
 ^
1 error generated.
configure:13166: $? = 1
configure: failed program was:
| /* confdefs.h */
| #define PACKAGE_NAME "pixman"
| #define PACKAGE_TARNAME "pixman"
| #define PACKAGE_VERSION "0.32.4"
| #define PACKAGE_STRING "pixman 0.32.4"
| #define PACKAGE_BUGREPORT "pixman@lists.freedesktop.org"
| #define PACKAGE_URL ""
| #define PACKAGE "pixman"
| #define VERSION "0.32.4"
| #define STDC_HEADERS 1
| #define HAVE_SYS_TYPES_H 1
| #define HAVE_SYS_STAT_H 1
| #define HAVE_STDLIB_H 1
| #define HAVE_STRING_H 1
| #define HAVE_MEMORY_H 1
| #define HAVE_STRINGS_H 1
| #define HAVE_INTTYPES_H 1
| #define HAVE_STDINT_H 1
| #define HAVE_UNISTD_H 1
| #define HAVE_DLFCN_H 1
| #define LT_OBJDIR ".libs/"
| #define SIZEOF_LONG 8
| /* end confdefs.h.  */
| 
| .text
| .fpu neon
| .arch armv7a
| .object_arch armv4
| .eabi_attribute 10, 0
| .arm
| .altmacro
| #ifndef __ARM_EABI__
| #error EABI is required (to be sure that calling conventions are compatible)
| #endif
| pld [r0]
| vmovn.u16 d0, q0
configure:13199: result: no
configure:13230: checking whether to use ARM IWMMXT intrinsics
configure:13256: /Users/tlinton/Library/Emscripten/emscripten/1.16.0/emcc -c  -Wall -Wdeclaration-after-statement -fno-strict-aliasing -fvisibility=hidden -flax-vector-conversions -Winline -march=iwmmxt2  conftest.c >&5
error: unknown target CPU 'iwmmxt2'
configure:13256: $? = 1
configure: failed program was:
| /* confdefs.h */
| #define PACKAGE_NAME "pixman"
| #define PACKAGE_TARNAME "pixman"
| #define PACKAGE_VERSION "0.32.4"
| #define PACKAGE_STRING "pixman 0.32.4"
| #define PACKAGE_BUGREPORT "pixman@lists.freedesktop.org"
| #define PACKAGE_URL ""
| #define PACKAGE "pixman"
| #define VERSION "0.32.4"
| #define STDC_HEADERS 1
| #define HAVE_SYS_TYPES_H 1
| #define HAVE_SYS_STAT_H 1
| #define HAVE_STDLIB_H 1
| #define HAVE_STRING_H 1
| #define HAVE_MEMORY_H 1
| #define HAVE_STRINGS_H 1
| #define HAVE_INTTYPES_H 1
| #define HAVE_STDINT_H 1
| #define HAVE_UNISTD_H 1
| #define HAVE_DLFCN_H 1
| #define LT_OBJDIR ".libs/"
| #define SIZEOF_LONG 8
| /* end confdefs.h.  */
| 
| #ifndef __arm__
| #error "IWMMXT is only available on ARM"
| #endif
| #ifndef __IWMMXT__
| #error "IWMMXT not enabled (with -march=iwmmxt)"
| #endif
| #if defined(__GNUC__) && (__GNUC__ < 4 || (__GNUC__ == 4 && __GNUC_MINOR__ < 8))
| #error "Need GCC >= 4.8 for IWMMXT intrinsics"
| #endif
| #include <mmintrin.h>
| int main () {
| 	union {
| 		__m64 v;
| 		char c[8];
| 	} a = { .c = {1, 2, 3, 4, 5, 6, 7, 8} };
| 	int b = 4;
| 	__m64 c = _mm_srli_si64 (a.v, b);
| }
configure:13274: result: no
configure:13291: checking whether to use MIPS DSPr2 assembler
configure:13314: /Users/tlinton/Library/Emscripten/emscripten/1.16.0/emcc -c -mdspr2  -Wall -Wdeclaration-after-statement -fno-strict-aliasing -fvisibility=hidden  conftest.c >&5
clang: warning: argument unused during compilation: '-mdspr2'
conftest.c:26:2: error: MIPS DSPr2 is currently only available on MIPS32r2 platforms.
#error MIPS DSPr2 is currently only available on MIPS32r2 platforms.
 ^
1 error generated.
configure:13314: $? = 1
configure: failed program was:
| /* confdefs.h */
| #define PACKAGE_NAME "pixman"
| #define PACKAGE_TARNAME "pixman"
| #define PACKAGE_VERSION "0.32.4"
| #define PACKAGE_STRING "pixman 0.32.4"
| #define PACKAGE_BUGREPORT "pixman@lists.freedesktop.org"
| #define PACKAGE_URL ""
| #define PACKAGE "pixman"
| #define VERSION "0.32.4"
| #define STDC_HEADERS 1
| #define HAVE_SYS_TYPES_H 1
| #define HAVE_SYS_STAT_H 1
| #define HAVE_STDLIB_H 1
| #define HAVE_STRING_H 1
| #define HAVE_MEMORY_H 1
| #define HAVE_STRINGS_H 1
| #define HAVE_INTTYPES_H 1
| #define HAVE_STDINT_H 1
| #define HAVE_UNISTD_H 1
| #define HAVE_DLFCN_H 1
| #define LT_OBJDIR ".libs/"
| #define SIZEOF_LONG 8
| /* end confdefs.h.  */
| 
| #if !(defined(__mips__) &&  __mips_isa_rev >= 2)
| #error MIPS DSPr2 is currently only available on MIPS32r2 platforms.
| #endif
| int
| main ()
| {
|     int c = 0, a = 0, b = 0;
|     __asm__ __volatile__ (
|         "precr.qb.ph %[c], %[a], %[b]          \n\t"
|         : [c] "=r" (c)
|         : [a] "r" (a), [b] "r" (b)
|     );
|     return c;
| }
configure:13347: result: no
configure:13355: checking whether to use GNU-style inline assembler
configure:13366: /Users/tlinton/Library/Emscripten/emscripten/1.16.0/emcc -c  -Wall -Wdeclaration-after-statement -fno-strict-aliasing -fvisibility=hidden  conftest.c >&5
configure:13366: $? = 0
configure:13389: result: yes
configure:13498: checking for pkg-config
configure:13516: found /usr/local/bin/pkg-config
configure:13528: result: /usr/local/bin/pkg-config
configure:13553: checking pkg-config is at least version 0.9.0
configure:13556: result: yes
configure:13705: checking for pixman_version_string in -lpixman-1
configure:13730: /Users/tlinton/Library/Emscripten/emscripten/1.16.0/emcc -o conftest  -Wall -Wdeclaration-after-statement -fno-strict-aliasing -fvisibility=hidden   conftest.c -lpixman-1   >&5
ld: library not found for -lpixman-1
clang: error: linker command failed with exit code 1 (use -v to see invocation)
configure:13730: $? = 1
configure: failed program was:
| /* confdefs.h */
| #define PACKAGE_NAME "pixman"
| #define PACKAGE_TARNAME "pixman"
| #define PACKAGE_VERSION "0.32.4"
| #define PACKAGE_STRING "pixman 0.32.4"
| #define PACKAGE_BUGREPORT "pixman@lists.freedesktop.org"
| #define PACKAGE_URL ""
| #define PACKAGE "pixman"
| #define VERSION "0.32.4"
| #define STDC_HEADERS 1
| #define HAVE_SYS_TYPES_H 1
| #define HAVE_SYS_STAT_H 1
| #define HAVE_STDLIB_H 1
| #define HAVE_STRING_H 1
| #define HAVE_MEMORY_H 1
| #define HAVE_STRINGS_H 1
| #define HAVE_INTTYPES_H 1
| #define HAVE_STDINT_H 1
| #define HAVE_UNISTD_H 1
| #define HAVE_DLFCN_H 1
| #define LT_OBJDIR ".libs/"
| #define SIZEOF_LONG 8
| #define USE_GCC_INLINE_ASM 1
| /* end confdefs.h.  */
| 
| /* Override any GCC internal prototype to avoid an error.
|    Use char because int might match the return type of a GCC
|    builtin and then its argument prototype would still apply.  */
| #ifdef __cplusplus
| extern "C"
| #endif
| char pixman_version_string ();
| int
| main ()
| {
| return pixman_version_string ();
|   ;
|   return 0;
| }
configure:13739: result: no
configure:13836: checking for posix_memalign
configure:13836: /Users/tlinton/Library/Emscripten/emscripten/1.16.0/emcc -o conftest  -Wall -Wdeclaration-after-statement -fno-strict-aliasing -fvisibility=hidden   conftest.c  >&5
configure:13836: $? = 0
configure:13836: result: yes
configure:13849: checking for sigaction
configure:13849: /Users/tlinton/Library/Emscripten/emscripten/1.16.0/emcc -o conftest  -Wall -Wdeclaration-after-statement -fno-strict-aliasing -fvisibility=hidden   conftest.c  >&5
configure:13849: $? = 0
configure:13849: result: yes
configure:13862: checking for alarm
configure:13862: /Users/tlinton/Library/Emscripten/emscripten/1.16.0/emcc -o conftest  -Wall -Wdeclaration-after-statement -fno-strict-aliasing -fvisibility=hidden   conftest.c  >&5
configure:13862: $? = 0
configure:13862: result: yes
configure:13875: checking sys/mman.h usability
configure:13875: /Users/tlinton/Library/Emscripten/emscripten/1.16.0/emcc -c  -Wall -Wdeclaration-after-statement -fno-strict-aliasing -fvisibility=hidden  conftest.c >&5
configure:13875: $? = 0
configure:13875: result: yes
configure:13875: checking sys/mman.h presence
configure:13875: /Users/tlinton/Library/Emscripten/emscripten/1.16.0/emcc -E  conftest.c
configure:13875: $? = 0
configure:13875: result: yes
configure:13875: checking for sys/mman.h
configure:13875: result: yes
configure:13884: checking for mmap
configure:13884: /Users/tlinton/Library/Emscripten/emscripten/1.16.0/emcc -o conftest  -Wall -Wdeclaration-after-statement -fno-strict-aliasing -fvisibility=hidden   conftest.c  >&5
configure:13884: $? = 0
configure:13884: result: yes
configure:13897: checking for mprotect
configure:13897: /Users/tlinton/Library/Emscripten/emscripten/1.16.0/emcc -o conftest  -Wall -Wdeclaration-after-statement -fno-strict-aliasing -fvisibility=hidden   conftest.c  >&5
configure:13897: $? = 0
configure:13897: result: yes
configure:13910: checking for getpagesize
configure:13910: /Users/tlinton/Library/Emscripten/emscripten/1.16.0/emcc -o conftest  -Wall -Wdeclaration-after-statement -fno-strict-aliasing -fvisibility=hidden   conftest.c  >&5
configure:13910: $? = 0
configure:13910: result: yes
configure:13923: checking fenv.h usability
configure:13923: /Users/tlinton/Library/Emscripten/emscripten/1.16.0/emcc -c  -Wall -Wdeclaration-after-statement -fno-strict-aliasing -fvisibility=hidden  conftest.c >&5
configure:13923: $? = 0
configure:13923: result: yes
configure:13923: checking fenv.h presence
configure:13923: /Users/tlinton/Library/Emscripten/emscripten/1.16.0/emcc -E  conftest.c
configure:13923: $? = 0
configure:13923: result: yes
configure:13923: checking for fenv.h
configure:13923: result: yes
configure:13932: checking for feenableexcept in -lm
configure:13957: /Users/tlinton/Library/Emscripten/emscripten/1.16.0/emcc -o conftest  -Wall -Wdeclaration-after-statement -fno-strict-aliasing -fvisibility=hidden   conftest.c -lm   >&5
Undefined symbols for architecture x86_64:
  "_feenableexcept", referenced from:
      _main in conftest-DjzwlN.o
ld: symbol(s) not found for architecture x86_64
clang: error: linker command failed with exit code 1 (use -v to see invocation)
configure:13957: $? = 1
configure: failed program was:
| /* confdefs.h */
| #define PACKAGE_NAME "pixman"
| #define PACKAGE_TARNAME "pixman"
| #define PACKAGE_VERSION "0.32.4"
| #define PACKAGE_STRING "pixman 0.32.4"
| #define PACKAGE_BUGREPORT "pixman@lists.freedesktop.org"
| #define PACKAGE_URL ""
| #define PACKAGE "pixman"
| #define VERSION "0.32.4"
| #define STDC_HEADERS 1
| #define HAVE_SYS_TYPES_H 1
| #define HAVE_SYS_STAT_H 1
| #define HAVE_STDLIB_H 1
| #define HAVE_STRING_H 1
| #define HAVE_MEMORY_H 1
| #define HAVE_STRINGS_H 1
| #define HAVE_INTTYPES_H 1
| #define HAVE_STDINT_H 1
| #define HAVE_UNISTD_H 1
| #define HAVE_DLFCN_H 1
| #define LT_OBJDIR ".libs/"
| #define SIZEOF_LONG 8
| #define USE_GCC_INLINE_ASM 1
| #define HAVE_POSIX_MEMALIGN 1
| #define HAVE_SIGACTION 1
| #define HAVE_ALARM 1
| #define HAVE_SYS_MMAN_H 1
| #define HAVE_MMAP 1
| #define HAVE_MPROTECT 1
| #define HAVE_GETPAGESIZE 1
| #define HAVE_FENV_H 1
| /* end confdefs.h.  */
| 
| /* Override any GCC internal prototype to avoid an error.
|    Use char because int might match the return type of a GCC
|    builtin and then its argument prototype would still apply.  */
| #ifdef __cplusplus
| extern "C"
| #endif
| char feenableexcept ();
| int
| main ()
| {
| return feenableexcept ();
|   ;
|   return 0;
| }
configure:13966: result: no
configure:13980: checking for gettimeofday
configure:13980: /Users/tlinton/Library/Emscripten/emscripten/1.16.0/emcc -o conftest  -Wall -Wdeclaration-after-statement -fno-strict-aliasing -fvisibility=hidden   conftest.c  >&5
configure:13980: $? = 0
configure:13980: result: yes
configure:13987: checking sys/time.h usability
configure:13987: /Users/tlinton/Library/Emscripten/emscripten/1.16.0/emcc -c  -Wall -Wdeclaration-after-statement -fno-strict-aliasing -fvisibility=hidden  conftest.c >&5
configure:13987: $? = 0
configure:13987: result: yes
configure:13987: checking sys/time.h presence
configure:13987: /Users/tlinton/Library/Emscripten/emscripten/1.16.0/emcc -E  conftest.c
configure:13987: $? = 0
configure:13987: result: yes
configure:13987: checking for sys/time.h
configure:13987: result: yes
configure:14002: checking for library containing sqrtf
configure:14033: /Users/tlinton/Library/Emscripten/emscripten/1.16.0/emcc -o conftest  -Wall -Wdeclaration-after-statement -fno-strict-aliasing -fvisibility=hidden   conftest.c  >&5
conftest.c:41:6: warning: incompatible redeclaration of library function 'sqrtf' [-Wincompatible-library-redeclaration]
char sqrtf ();
     ^
conftest.c:41:6: note: 'sqrtf' is a builtin with type 'float (float)'
1 warning generated.
configure:14033: $? = 0
configure:14050: result: none required
configure:14064: checking for thread local storage (TLS) support
configure:14092: /Users/tlinton/Library/Emscripten/emscripten/1.16.0/emcc -c  -Wall -Wdeclaration-after-statement -fno-strict-aliasing -fvisibility=hidden  conftest.c >&5
configure:14092: $? = 0
configure:14100: result: __thread
configure:14118: checking for pthreads
configure:14168: /Users/tlinton/Library/Emscripten/emscripten/1.16.0/emcc -o conftest  -Wall -Wdeclaration-after-statement -fno-strict-aliasing -fvisibility=hidden -pthread   -pthread conftest.c   >&5
configure:14168: $? = 0
configure:14356: result: yes
configure:14368: checking for __attribute__((constructor))
configure:14385: /Users/tlinton/Library/Emscripten/emscripten/1.16.0/emcc -o conftest  -Wall -Wdeclaration-after-statement -fno-strict-aliasing -fvisibility=hidden   conftest.c  >&5
configure:14385: $? = 0
configure:14397: result: yes
configure:14404: checking for __float128
configure:14412: /Users/tlinton/Library/Emscripten/emscripten/1.16.0/emcc -o conftest  -Wall -Wdeclaration-after-statement -fno-strict-aliasing -fvisibility=hidden   conftest.c  >&5
conftest.c:38:1: error: unknown type name '__float128'
__float128 a = 1.0Q, b = 2.0Q; int main (void) { return a + b; }
^
conftest.c:38:19: error: invalid suffix 'Q' on floating constant
__float128 a = 1.0Q, b = 2.0Q; int main (void) { return a + b; }
                  ^
conftest.c:38:23: error: expected ';' after top level declarator
__float128 a = 1.0Q, b = 2.0Q; int main (void) { return a + b; }
                      ^
                      ;
conftest.c:38:61: error: use of undeclared identifier 'b'
__float128 a = 1.0Q, b = 2.0Q; int main (void) { return a + b; }
                                                            ^
4 errors generated.
configure:14412: $? = 1
configure: failed program was:
| /* confdefs.h */
| #define PACKAGE_NAME "pixman"
| #define PACKAGE_TARNAME "pixman"
| #define PACKAGE_VERSION "0.32.4"
| #define PACKAGE_STRING "pixman 0.32.4"
| #define PACKAGE_BUGREPORT "pixman@lists.freedesktop.org"
| #define PACKAGE_URL ""
| #define PACKAGE "pixman"
| #define VERSION "0.32.4"
| #define STDC_HEADERS 1
| #define HAVE_SYS_TYPES_H 1
| #define HAVE_SYS_STAT_H 1
| #define HAVE_STDLIB_H 1
| #define HAVE_STRING_H 1
| #define HAVE_MEMORY_H 1
| #define HAVE_STRINGS_H 1
| #define HAVE_INTTYPES_H 1
| #define HAVE_STDINT_H 1
| #define HAVE_UNISTD_H 1
| #define HAVE_DLFCN_H 1
| #define LT_OBJDIR ".libs/"
| #define SIZEOF_LONG 8
| #define USE_GCC_INLINE_ASM 1
| #define HAVE_POSIX_MEMALIGN 1
| #define HAVE_SIGACTION 1
| #define HAVE_ALARM 1
| #define HAVE_SYS_MMAN_H 1
| #define HAVE_MMAP 1
| #define HAVE_MPROTECT 1
| #define HAVE_GETPAGESIZE 1
| #define HAVE_FENV_H 1
| #define HAVE_GETTIMEOFDAY 1
| #define TLS __thread
| #define HAVE_PTHREADS /**/
| #define TOOLCHAIN_SUPPORTS_ATTRIBUTE_CONSTRUCTOR /**/
| /* end confdefs.h.  */
| 
| __float128 a = 1.0Q, b = 2.0Q; int main (void) { return a + b; }
| 
configure:14424: result: no
configure:14430: checking for __builtin_clz
configure:14438: /Users/tlinton/Library/Emscripten/emscripten/1.16.0/emcc -o conftest  -Wall -Wdeclaration-after-statement -fno-strict-aliasing -fvisibility=hidden   conftest.c  >&5
configure:14438: $? = 0
configure:14450: result: yes
configure:14557: checking for PNG
configure:14564: $PKG_CONFIG --exists --print-errors "libpng"
Package libpng was not found in the pkg-config search path.
Perhaps you should add the directory containing `libpng.pc'
to the PKG_CONFIG_PATH environment variable
No package 'libpng' found
configure:14567: $? = 1
configure:14581: $PKG_CONFIG --exists --print-errors "libpng"
Package libpng was not found in the pkg-config search path.
Perhaps you should add the directory containing `libpng.pc'
to the PKG_CONFIG_PATH environment variable
No package 'libpng' found
configure:14584: $? = 1
configure:14598: result: no
No package 'libpng' found
configure:14747: checking that generated files are newer than configure
configure:14753: result: done
configure:14825: creating ./config.status

## ---------------------- ##
## Running config.status. ##
## ---------------------- ##

This file was extended by pixman config.status 0.32.4, which was
generated by GNU Autoconf 2.69.  Invocation command line was

  CONFIG_FILES    = 
  CONFIG_HEADERS  = 
  CONFIG_LINKS    = 
  CONFIG_COMMANDS = 
  $ ./config.status 

on Trevors-MacBook-Pro-2.local

config.status:1155: creating pixman-1.pc
config.status:1155: creating pixman-1-uninstalled.pc
config.status:1155: creating Makefile
config.status:1155: creating pixman/Makefile
config.status:1155: creating pixman/pixman-version.h
config.status:1155: creating demos/Makefile
config.status:1155: creating test/Makefile
config.status:1155: creating config.h
config.status:1384: executing depfiles commands
config.status:1384: executing libtool commands

## ---------------- ##
## Cache variables. ##
## ---------------- ##

ac_cv_build=x86_64-apple-darwin13.1.0
ac_cv_c_bigendian=no
ac_cv_c_compiler_gnu=yes
ac_cv_c_inline=inline
ac_cv_env_CCASFLAGS_set=
ac_cv_env_CCASFLAGS_value=
ac_cv_env_CCAS_set=
ac_cv_env_CCAS_value=
ac_cv_env_CC_set=set
ac_cv_env_CC_value=/Users/tlinton/Library/Emscripten/emscripten/1.16.0/emcc
ac_cv_env_CFLAGS_set=set
ac_cv_env_CFLAGS_value=
ac_cv_env_CPPFLAGS_set=
ac_cv_env_CPPFLAGS_value=
ac_cv_env_CPP_set=
ac_cv_env_CPP_value=
ac_cv_env_GTK_CFLAGS_set=
ac_cv_env_GTK_CFLAGS_value=
ac_cv_env_GTK_LIBS_set=
ac_cv_env_GTK_LIBS_value=
ac_cv_env_LDFLAGS_set=
ac_cv_env_LDFLAGS_value=
ac_cv_env_LIBS_set=
ac_cv_env_LIBS_value=
ac_cv_env_PKG_CONFIG_LIBDIR_set=set
ac_cv_env_PKG_CONFIG_LIBDIR_value=/Users/tlinton/Library/Emscripten/emscripten/1.16.0/system/local/lib/pkgconfig:/Users/tlinton/Library/Emscripten/emscripten/1.16.0/system/lib/pkgconfig
ac_cv_env_PKG_CONFIG_PATH_set=set
ac_cv_env_PKG_CONFIG_PATH_value=
ac_cv_env_PKG_CONFIG_set=
ac_cv_env_PKG_CONFIG_value=
ac_cv_env_PNG_CFLAGS_set=
ac_cv_env_PNG_CFLAGS_value=
ac_cv_env_PNG_LIBS_set=
ac_cv_env_PNG_LIBS_value=
ac_cv_env_build_alias_set=
ac_cv_env_build_alias_value=
ac_cv_env_host_alias_set=
ac_cv_env_host_alias_value=
ac_cv_env_target_alias_set=
ac_cv_env_target_alias_value=
ac_cv_func_alarm=yes
ac_cv_func_getisax=no
ac_cv_func_getpagesize=yes
ac_cv_func_gettimeofday=yes
ac_cv_func_mmap=yes
ac_cv_func_mprotect=yes
ac_cv_func_posix_memalign=yes
ac_cv_func_sigaction=yes
ac_cv_have_decl___SUNPRO_C=no
ac_cv_have_decl___amd64=yes
ac_cv_header_dlfcn_h=yes
ac_cv_header_fenv_h=yes
ac_cv_header_inttypes_h=yes
ac_cv_header_memory_h=yes
ac_cv_header_stdc=yes
ac_cv_header_stdint_h=yes
ac_cv_header_stdlib_h=yes
ac_cv_header_string_h=yes
ac_cv_header_strings_h=yes
ac_cv_header_sys_mman_h=yes
ac_cv_header_sys_stat_h=yes
ac_cv_header_sys_time_h=yes
ac_cv_header_sys_types_h=yes
ac_cv_header_unistd_h=yes
ac_cv_host=x86_64-apple-darwin13.1.0
ac_cv_lib_m_feenableexcept=no
ac_cv_lib_pixman_1_pixman_version_string=no
ac_cv_objext=o
ac_cv_path_EGREP='/usr/bin/grep -E'
ac_cv_path_FGREP='/usr/bin/grep -F'
ac_cv_path_GREP=/usr/bin/grep
ac_cv_path_SED=/usr/bin/sed
ac_cv_path_ac_pt_PKG_CONFIG=/usr/local/bin/pkg-config
ac_cv_path_install='/usr/bin/install -c'
ac_cv_prog_AWK=awk
ac_cv_prog_CPP='/Users/tlinton/Library/Emscripten/emscripten/1.16.0/emcc -E'
ac_cv_prog_ac_ct_CC=/Users/tlinton/Library/Emscripten/emscripten/1.16.0/emcc
ac_cv_prog_ac_ct_DSYMUTIL=dsymutil
ac_cv_prog_ac_ct_LIPO=lipo
ac_cv_prog_ac_ct_NMEDIT=nmedit
ac_cv_prog_ac_ct_OTOOL=otool
ac_cv_prog_ac_ct_RANLIB=/Users/tlinton/Library/Emscripten/emscripten/1.16.0/emranlib
ac_cv_prog_ac_ct_STRIP=strip
ac_cv_prog_c_openmp=unsupported
ac_cv_prog_cc_c89=
ac_cv_prog_cc_g=yes
ac_cv_prog_make_make_set=yes
ac_cv_search_sqrtf='none required'
ac_cv_sizeof_long=8
ac_cv_tls=__thread
am_cv_CCAS_dependencies_compiler_type=gcc3
am_cv_CC_dependencies_compiler_type=gcc3
am_cv_make_support_nested_variables=yes
lt_cv_apple_cc_single_mod=yes
lt_cv_ar_at_file=no
lt_cv_archive_cmds_need_lc=yes
lt_cv_deplibs_check_method=pass_all
lt_cv_file_magic_cmd='$MAGIC_CMD'
lt_cv_file_magic_test_file=
lt_cv_ld_exported_symbols_list=yes
lt_cv_ld_force_load=no
lt_cv_ld_reload_flag=-r
lt_cv_nm_interface='BSD nm'
lt_cv_objdir=.libs
lt_cv_path_LD=/Users/tlinton/Library/Emscripten/emscripten/1.16.0/emcc
lt_cv_path_NM=/usr/bin/nm
lt_cv_path_mainfest_tool=no
lt_cv_prog_compiler_c_o=yes
lt_cv_prog_compiler_pic='-fno-common -DPIC'
lt_cv_prog_compiler_pic_works=yes
lt_cv_prog_compiler_rtti_exceptions=yes
lt_cv_prog_compiler_static_works=no
lt_cv_prog_gnu_ld=yes
lt_cv_sharedlib_from_linklib_cmd='printf %s\n'
lt_cv_sys_global_symbol_pipe='sed -n -e '\''s/^.*[	 ]\([BCDEGRST][BCDEGRST]*\)[	 ][	 ]*_\([_A-Za-z][_A-Za-z0-9]*\)$/\1 _\2 \2/p'\'' | sed '\''/ __gnu_lto/d'\'''
lt_cv_sys_global_symbol_to_c_name_address='sed -n -e '\''s/^: \([^ ]*\)[ ]*$/  {\"\1\", (void *) 0},/p'\'' -e '\''s/^[BCDEGRST]* \([^ ]*\) \([^ ]*\)$/  {"\2", (void *) \&\2},/p'\'''
lt_cv_sys_global_symbol_to_c_name_address_lib_prefix='sed -n -e '\''s/^: \([^ ]*\)[ ]*$/  {\"\1\", (void *) 0},/p'\'' -e '\''s/^[BCDEGRST]* \([^ ]*\) \(lib[^ ]*\)$/  {"\2", (void *) \&\2},/p'\'' -e '\''s/^[BCDEGRST]* \([^ ]*\) \([^ ]*\)$/  {"lib\2", (void *) \&\2},/p'\'''
lt_cv_sys_global_symbol_to_cdecl='sed -n -e '\''s/^T .* \(.*\)$/extern int \1();/p'\'' -e '\''s/^[BCDEGRST]* .* \(.*\)$/extern char \1;/p'\'''
lt_cv_sys_max_cmd_len=196608
lt_cv_to_host_file_cmd=func_convert_file_noop
lt_cv_to_tool_file_cmd=func_convert_file_noop

## ----------------- ##
## Output variables. ##
## ----------------- ##

ACLOCAL='${SHELL} /Tint/webkit.js/deps/pixman-0.32.4/missing aclocal-1.13'
AMDEPBACKSLASH='\'
AMDEP_FALSE='#'
AMDEP_TRUE=''
AMTAR='$${TAR-tar}'
AM_BACKSLASH='\'
AM_DEFAULT_V='$(AM_DEFAULT_VERBOSITY)'
AM_DEFAULT_VERBOSITY='0'
AM_V='$(V)'
AR='/Users/tlinton/Library/Emscripten/emscripten/1.16.0/emar'
AUTOCONF='${SHELL} /Tint/webkit.js/deps/pixman-0.32.4/missing autoconf'
AUTOHEADER='${SHELL} /Tint/webkit.js/deps/pixman-0.32.4/missing autoheader'
AUTOMAKE='${SHELL} /Tint/webkit.js/deps/pixman-0.32.4/missing automake-1.13'
AWK='awk'
CC='/Users/tlinton/Library/Emscripten/emscripten/1.16.0/emcc'
CCAS='/Users/tlinton/Library/Emscripten/emscripten/1.16.0/emcc'
CCASDEPMODE='depmode=gcc3'
CCASFLAGS=''
CCDEPMODE='depmode=gcc3'
CFLAGS=' -Wall -Wdeclaration-after-statement -fno-strict-aliasing -fvisibility=hidden'
CPP='/Users/tlinton/Library/Emscripten/emscripten/1.16.0/emcc -E'
CPPFLAGS=''
CYGPATH_W='echo'
DEFS='-DHAVE_CONFIG_H'
DEPDIR='.deps'
DLLTOOL='false'
DSYMUTIL='dsymutil'
DUMPBIN=''
ECHO_C='\c'
ECHO_N=''
ECHO_T=''
EGREP='/usr/bin/grep -E'
EXEEXT=''
FGREP='/usr/bin/grep -F'
GREP='/usr/bin/grep'
GTK_CFLAGS=''
GTK_LIBS=''
HAVE_GTK_FALSE=''
HAVE_GTK_TRUE='#'
HAVE_LIBPNG=''
HAVE_PTHREADS=''
INSTALL_DATA='${INSTALL} -m 644'
INSTALL_PROGRAM='${INSTALL}'
INSTALL_SCRIPT='${INSTALL}'
INSTALL_STRIP_PROGRAM='$(install_sh) -c -s'
IWMMXT_CFLAGS=''
LD='/Users/tlinton/Library/Emscripten/emscripten/1.16.0/emcc'
LDFLAGS=''
LIBOBJS=''
LIBS=''
LIBTOOL='$(SHELL) $(top_builddir)/libtool'
LIPO='lipo'
LN_S='ln -s'
LS_CFLAGS=''
LTLIBOBJS=''
LT_VERSION_INFO='32:4:32'
MAKEINFO='${SHELL} /Tint/webkit.js/deps/pixman-0.32.4/missing makeinfo'
MANIFEST_TOOL=':'
MKDIR_P='./install-sh -c -d'
MMX_CFLAGS=''
MMX_LDFLAGS=''
NM='/usr/bin/nm'
NMEDIT='nmedit'
OBJDUMP='false'
OBJEXT='o'
OPENMP_CFLAGS=''
OTOOL64=':'
OTOOL='otool'
PACKAGE='pixman'
PACKAGE_BUGREPORT='pixman@lists.freedesktop.org'
PACKAGE_NAME='pixman'
PACKAGE_STRING='pixman 0.32.4'
PACKAGE_TARNAME='pixman'
PACKAGE_URL=''
PACKAGE_VERSION='0.32.4'
PATH_SEPARATOR=':'
PIXMAN_TIMERS=''
PIXMAN_VERSION_MAJOR='0'
PIXMAN_VERSION_MICRO='4'
PIXMAN_VERSION_MINOR='32'
PKG_CONFIG='/usr/local/bin/pkg-config'
PKG_CONFIG_LIBDIR='/Users/tlinton/Library/Emscripten/emscripten/1.16.0/system/local/lib/pkgconfig:/Users/tlinton/Library/Emscripten/emscripten/1.16.0/system/lib/pkgconfig'
PKG_CONFIG_PATH=''
PNG_CFLAGS=''
PNG_LIBS=''
PTHREAD_CFLAGS=' -Wall -Wdeclaration-after-statement -fno-strict-aliasing -fvisibility=hidden -pthread'
PTHREAD_LDFLAGS=' -pthread'
PTHREAD_LIBS=' '
RANLIB='/Users/tlinton/Library/Emscripten/emscripten/1.16.0/emranlib'
SED='/usr/bin/sed'
SET_MAKE=''
SHELL='/bin/sh'
SSE2_CFLAGS='-msse2 -Winline'
SSE2_LDFLAGS=''
SSSE3_CFLAGS='-mssse3 -Winline'
STRIP='strip'
TESTPROGS_EXTRA_LDFLAGS=''
TOOLCHAIN_SUPPORTS_ATTRIBUTE_CONSTRUCTOR=''
TOOLCHAIN_SUPPORTS__THREAD=''
USE_ARM_IWMMXT_FALSE=''
USE_ARM_IWMMXT_TRUE='#'
USE_ARM_NEON_FALSE=''
USE_ARM_NEON_TRUE='#'
USE_ARM_SIMD_FALSE=''
USE_ARM_SIMD_TRUE='#'
USE_GCC_INLINE_ASM_FALSE='#'
USE_GCC_INLINE_ASM_TRUE=''
USE_LOONGSON_MMI_FALSE=''
USE_LOONGSON_MMI_TRUE='#'
USE_MIPS_DSPR2_FALSE=''
USE_MIPS_DSPR2_TRUE='#'
USE_SSE2_FALSE=''
USE_SSE2_TRUE='#'
USE_SSSE3_FALSE=''
USE_SSSE3_TRUE='#'
USE_VMX_FALSE=''
USE_VMX_TRUE='#'
USE_X86_MMX_FALSE=''
USE_X86_MMX_TRUE='#'
VERSION='0.32.4'
VMX_CFLAGS=''
ac_ct_AR=''
ac_ct_CC='/Users/tlinton/Library/Emscripten/emscripten/1.16.0/emcc'
ac_ct_DUMPBIN=''
am__EXEEXT_FALSE=''
am__EXEEXT_TRUE='#'
am__fastdepCCAS_FALSE='#'
am__fastdepCCAS_TRUE=''
am__fastdepCC_FALSE='#'
am__fastdepCC_TRUE=''
am__include='include'
am__isrc=''
am__leading_dot='.'
am__nodep='_no'
am__quote=''
am__tar='$${TAR-tar} chof - "$$tardir"'
am__untar='$${TAR-tar} xf -'
bindir='${exec_prefix}/bin'
build='x86_64-apple-darwin13.1.0'
build_alias=''
build_cpu='x86_64'
build_os='darwin13.1.0'
build_vendor='apple'
datadir='${datarootdir}'
datarootdir='${prefix}/share'
docdir='${datarootdir}/doc/${PACKAGE_TARNAME}'
dvidir='${docdir}'
exec_prefix='${prefix}'
host='x86_64-apple-darwin13.1.0'
host_alias=''
host_cpu='x86_64'
host_os='darwin13.1.0'
host_vendor='apple'
htmldir='${docdir}'
includedir='${prefix}/include'
infodir='${datarootdir}/info'
install_sh='${SHELL} /Tint/webkit.js/deps/pixman-0.32.4/install-sh'
libdir='${exec_prefix}/lib'
libexecdir='${exec_prefix}/libexec'
localedir='${datarootdir}/locale'
localstatedir='${prefix}/var'
mandir='${datarootdir}/man'
mkdir_p='$(MKDIR_P)'
oldincludedir='/usr/include'
pdfdir='${docdir}'
prefix='/usr/local'
program_transform_name='s,x,x,'
psdir='${docdir}'
sbindir='${exec_prefix}/sbin'
sharedstatedir='${prefix}/com'
sysconfdir='${prefix}/etc'
target_alias=''

## ----------- ##
## confdefs.h. ##
## ----------- ##

/* confdefs.h */
#define PACKAGE_NAME "pixman"
#define PACKAGE_TARNAME "pixman"
#define PACKAGE_VERSION "0.32.4"
#define PACKAGE_STRING "pixman 0.32.4"
#define PACKAGE_BUGREPORT "pixman@lists.freedesktop.org"
#define PACKAGE_URL ""
#define PACKAGE "pixman"
#define VERSION "0.32.4"
#define STDC_HEADERS 1
#define HAVE_SYS_TYPES_H 1
#define HAVE_SYS_STAT_H 1
#define HAVE_STDLIB_H 1
#define HAVE_STRING_H 1
#define HAVE_MEMORY_H 1
#define HAVE_STRINGS_H 1
#define HAVE_INTTYPES_H 1
#define HAVE_STDINT_H 1
#define HAVE_UNISTD_H 1
#define HAVE_DLFCN_H 1
#define LT_OBJDIR ".libs/"
#define SIZEOF_LONG 8
#define USE_GCC_INLINE_ASM 1
#define HAVE_POSIX_MEMALIGN 1
#define HAVE_SIGACTION 1
#define HAVE_ALARM 1
#define HAVE_SYS_MMAN_H 1
#define HAVE_MMAP 1
#define HAVE_MPROTECT 1
#define HAVE_GETPAGESIZE 1
#define HAVE_FENV_H 1
#define HAVE_GETTIMEOFDAY 1
#define TLS __thread
#define HAVE_PTHREADS /**/
#define TOOLCHAIN_SUPPORTS_ATTRIBUTE_CONSTRUCTOR /**/
#define HAVE_BUILTIN_CLZ /**/

configure: exit 0
