This file contains any messages produced by compilers while
running configure, to aid debugging if configure makes a mistake.

It was created by FreeType configure 2.4.11, which was
generated by GNU Autoconf 2.69.  Invocation command line was

  $ ./configure 

## --------- ##
## Platform. ##
## --------- ##

hostname = Trevors-MacBook-Pro-2.local
uname -m = x86_64
uname -r = 13.1.0
uname -s = Darwin
uname -v = Darwin Kernel Version 13.1.0: Thu Jan 16 19:40:37 PST 2014; root:xnu-2422.90.20~2/RELEASE_X86_64

/usr/bin/uname -p = i386
/bin/uname -X     = unknown

/bin/arch              = unknown
/usr/bin/arch -k       = unknown
/usr/convex/getsysinfo = unknown
/usr/bin/hostinfo      = Mach kernel version:
	 Darwin Kernel Version 13.1.0: Thu Jan 16 19:40:37 PST 2014; root:xnu-2422.90.20~2/RELEASE_X86_64
Kernel configured for up to 8 processors.
4 processors are physically available.
8 processors are logically available.
Processor type: i486 (Intel 80486)
Processors active: 0 1 2 3 4 5 6 7
Primary memory available: 8.00 gigabytes
Default processor set: 178 tasks, 918 threads, 8 processors
Load average: 1.11, Mach factor: 6.88
/bin/machine           = unknown
/usr/bin/oslevel       = unknown
/bin/universe          = unknown

PATH: /usr/bin
PATH: /bin
PATH: /usr/sbin
PATH: /sbin
PATH: /usr/local/bin
PATH: /usr/bin
PATH: /bin
PATH: /usr/sbin
PATH: /sbin
PATH: /usr/local/bin
PATH: /Users/tlinton/Library/Emscripten
PATH: /Users/tlinton/Library/Emscripten/clang/e1.16.0_64bit
PATH: /Users/tlinton/Library/Emscripten/node/0.10.18_64bit/bin
PATH: /Users/tlinton/Library/Emscripten/emscripten/1.16.0
PATH: /Tint/Runtime/depot_tools_mac


## ----------- ##
## Core tests. ##
## ----------- ##

configure:2480: checking build system type
configure:2494: result: x86_64-apple-darwin13.1.0
configure:2514: checking host system type
configure:2527: result: x86_64-apple-darwin13.1.0
configure:2599: checking for gcc
configure:2626: result: /Users/tlinton/Library/Emscripten/emscripten/1.16.0/emcc
configure:2855: checking for C compiler version
configure:2864: /Users/tlinton/Library/Emscripten/emscripten/1.16.0/emcc --version >&5
emcc (Emscripten GCC-like replacement) 1.16.0 ()
Copyright (C) 2014 the Emscripten authors (see AUTHORS.txt)
This is free and open source software under the MIT license.
There is NO warranty; not even for MERCHANTABILITY or FITNESS FOR A PARTICULAR PURPOSE.
  
configure:2875: $? = 0
configure:2864: /Users/tlinton/Library/Emscripten/emscripten/1.16.0/emcc -v >&5
emcc (Emscripten GCC-like replacement + linker emulating GNU ld ) 1.16.0
clang version 3.3 
Target: x86_64-apple-darwin13.1.0
Thread model: posix
INFO     root: [32m(Emscripten: Running sanity checks)[0m
configure:2875: $? = 0
configure:2864: /Users/tlinton/Library/Emscripten/emscripten/1.16.0/emcc -V >&5
clang: error: unsupported option '-V -nostdinc'
clang: error: no input files
configure:2875: $? = 1
configure:2864: /Users/tlinton/Library/Emscripten/emscripten/1.16.0/emcc -qversion >&5
clang: error: no input files
configure:2875: $? = 1
configure:2895: checking whether the C compiler works
configure:2917: /Users/tlinton/Library/Emscripten/emscripten/1.16.0/emcc    -lm conftest.c  >&5
configure:2921: $? = 0
configure:2969: result: yes
configure:2972: checking for C compiler default output file name
configure:2974: result: a.out
configure:2980: checking for suffix of executables
configure:2987: /Users/tlinton/Library/Emscripten/emscripten/1.16.0/emcc -o conftest    -lm conftest.c  >&5
configure:2991: $? = 0
configure:3013: result: 
configure:3035: checking whether we are cross compiling
configure:3043: /Users/tlinton/Library/Emscripten/emscripten/1.16.0/emcc -o conftest    -lm conftest.c  >&5
configure:3047: $? = 0
configure:3054: ./conftest
configure:3058: $? = 0
configure:3073: result: no
configure:3078: checking for suffix of object files
configure:3100: /Users/tlinton/Library/Emscripten/emscripten/1.16.0/emcc -c   conftest.c >&5
configure:3104: $? = 0
configure:3125: result: o
configure:3129: checking whether we are using the GNU C compiler
configure:3148: /Users/tlinton/Library/Emscripten/emscripten/1.16.0/emcc -c   conftest.c >&5
configure:3148: $? = 0
configure:3157: result: yes
configure:3166: checking whether /Users/tlinton/Library/Emscripten/emscripten/1.16.0/emcc accepts -g
configure:3186: /Users/tlinton/Library/Emscripten/emscripten/1.16.0/emcc -c -g  conftest.c >&5
configure:3186: $? = 0
configure:3227: result: yes
configure:3244: checking for /Users/tlinton/Library/Emscripten/emscripten/1.16.0/emcc option to accept ISO C89
configure:3307: /Users/tlinton/Library/Emscripten/emscripten/1.16.0/emcc  -c   conftest.c >&5
configure:3307: $? = 0
configure:3320: result: none needed
configure:3345: checking how to run the C preprocessor
configure:3376: /Users/tlinton/Library/Emscripten/emscripten/1.16.0/emcc -E  conftest.c
configure:3376: $? = 0
configure:3390: /Users/tlinton/Library/Emscripten/emscripten/1.16.0/emcc -E  conftest.c
conftest.c:9:10: fatal error: 'ac_nonexistent.h' file not found
#include <ac_nonexistent.h>
         ^
1 error generated.
configure:3390: $? = 1
configure: failed program was:
| /* confdefs.h */
| #define PACKAGE_NAME "FreeType"
| #define PACKAGE_TARNAME "freetype"
| #define PACKAGE_VERSION "2.4.11"
| #define PACKAGE_STRING "FreeType 2.4.11"
| #define PACKAGE_BUGREPORT "freetype@nongnu.org"
| #define PACKAGE_URL ""
| /* end confdefs.h.  */
| #include <ac_nonexistent.h>
configure:3415: result: /Users/tlinton/Library/Emscripten/emscripten/1.16.0/emcc -E
configure:3435: /Users/tlinton/Library/Emscripten/emscripten/1.16.0/emcc -E  conftest.c
configure:3435: $? = 0
configure:3449: /Users/tlinton/Library/Emscripten/emscripten/1.16.0/emcc -E  conftest.c
conftest.c:9:10: fatal error: 'ac_nonexistent.h' file not found
#include <ac_nonexistent.h>
         ^
1 error generated.
configure:3449: $? = 1
configure: failed program was:
| /* confdefs.h */
| #define PACKAGE_NAME "FreeType"
| #define PACKAGE_TARNAME "freetype"
| #define PACKAGE_VERSION "2.4.11"
| #define PACKAGE_STRING "FreeType 2.4.11"
| #define PACKAGE_BUGREPORT "freetype@nongnu.org"
| #define PACKAGE_URL ""
| /* end confdefs.h.  */
| #include <ac_nonexistent.h>
configure:3642: checking for rmdir
configure:3658: found /bin/rmdir
configure:3669: result: rmdir
configure:3697: checking for a BSD-compatible install
configure:3765: result: /usr/bin/install -c
configure:3789: checking for grep that handles long lines and -e
configure:3847: result: /usr/bin/grep
configure:3852: checking for egrep
configure:3914: result: /usr/bin/grep -E
configure:3919: checking for ANSI C header files
configure:3939: /Users/tlinton/Library/Emscripten/emscripten/1.16.0/emcc -c   conftest.c >&5
configure:3939: $? = 0
configure:4012: /Users/tlinton/Library/Emscripten/emscripten/1.16.0/emcc -o conftest    -lm conftest.c  >&5
configure:4012: $? = 0
configure:4012: ./conftest
configure:4012: $? = 0
configure:4023: result: yes
configure:4036: checking for sys/types.h
configure:4036: /Users/tlinton/Library/Emscripten/emscripten/1.16.0/emcc -c   conftest.c >&5
configure:4036: $? = 0
configure:4036: result: yes
configure:4036: checking for sys/stat.h
configure:4036: /Users/tlinton/Library/Emscripten/emscripten/1.16.0/emcc -c   conftest.c >&5
configure:4036: $? = 0
configure:4036: result: yes
configure:4036: checking for stdlib.h
configure:4036: /Users/tlinton/Library/Emscripten/emscripten/1.16.0/emcc -c   conftest.c >&5
configure:4036: $? = 0
configure:4036: result: yes
configure:4036: checking for string.h
configure:4036: /Users/tlinton/Library/Emscripten/emscripten/1.16.0/emcc -c   conftest.c >&5
configure:4036: $? = 0
configure:4036: result: yes
configure:4036: checking for memory.h
configure:4036: /Users/tlinton/Library/Emscripten/emscripten/1.16.0/emcc -c   conftest.c >&5
configure:4036: $? = 0
configure:4036: result: yes
configure:4036: checking for strings.h
configure:4036: /Users/tlinton/Library/Emscripten/emscripten/1.16.0/emcc -c   conftest.c >&5
configure:4036: $? = 0
configure:4036: result: yes
configure:4036: checking for inttypes.h
configure:4036: /Users/tlinton/Library/Emscripten/emscripten/1.16.0/emcc -c   conftest.c >&5
configure:4036: $? = 0
configure:4036: result: yes
configure:4036: checking for stdint.h
configure:4036: /Users/tlinton/Library/Emscripten/emscripten/1.16.0/emcc -c   conftest.c >&5
configure:4036: $? = 0
configure:4036: result: yes
configure:4036: checking for unistd.h
configure:4036: /Users/tlinton/Library/Emscripten/emscripten/1.16.0/emcc -c   conftest.c >&5
configure:4036: $? = 0
configure:4036: result: yes
configure:4051: checking fcntl.h usability
configure:4051: /Users/tlinton/Library/Emscripten/emscripten/1.16.0/emcc -c   conftest.c >&5
configure:4051: $? = 0
configure:4051: result: yes
configure:4051: checking fcntl.h presence
configure:4051: /Users/tlinton/Library/Emscripten/emscripten/1.16.0/emcc -E  conftest.c
configure:4051: $? = 0
configure:4051: result: yes
configure:4051: checking for fcntl.h
configure:4051: result: yes
configure:4051: checking for unistd.h
configure:4051: result: yes
configure:4065: checking for an ANSI C-conforming const
configure:4131: /Users/tlinton/Library/Emscripten/emscripten/1.16.0/emcc -c   conftest.c >&5
configure:4131: $? = 0
configure:4138: result: yes
configure:4150: checking size of int
configure:4155: /Users/tlinton/Library/Emscripten/emscripten/1.16.0/emcc -o conftest    -lm conftest.c  >&5
configure:4155: $? = 0
configure:4155: ./conftest
configure:4155: $? = 0
configure:4169: result: 4
configure:4183: checking size of long
configure:4188: /Users/tlinton/Library/Emscripten/emscripten/1.16.0/emcc -o conftest    -lm conftest.c  >&5
configure:4188: $? = 0
configure:4188: ./conftest
configure:4188: $? = 0
configure:4202: result: 8
configure:4216: checking whether cpp computation of bit length in ftconfig.in works
configure:4278: result: no
configure:4311: checking for stdlib.h
configure:4311: result: yes
configure:4311: checking for unistd.h
configure:4311: result: yes
configure:4311: checking for sys/param.h
configure:4311: /Users/tlinton/Library/Emscripten/emscripten/1.16.0/emcc -c   conftest.c >&5
configure:4311: $? = 0
configure:4311: result: yes
configure:4331: checking for getpagesize
configure:4331: /Users/tlinton/Library/Emscripten/emscripten/1.16.0/emcc -o conftest    -lm conftest.c  >&5
configure:4331: $? = 0
configure:4331: result: yes
configure:4340: checking for working mmap
configure:4487: /Users/tlinton/Library/Emscripten/emscripten/1.16.0/emcc -o conftest    -lm conftest.c  >&5
configure:4487: $? = 0
configure:4487: ./conftest
configure:4487: $? = 0
configure:4497: result: yes
configure:4513: checking whether munmap is declared
configure:4513: /Users/tlinton/Library/Emscripten/emscripten/1.16.0/emcc -c   conftest.c >&5
configure:4513: $? = 0
configure:4513: result: yes
configure:4533: checking for munmap's first parameter type
configure:4547: /Users/tlinton/Library/Emscripten/emscripten/1.16.0/emcc -c   conftest.c >&5
configure:4547: $? = 0
configure:4548: result: void *
configure:4565: checking for memcpy
configure:4565: /Users/tlinton/Library/Emscripten/emscripten/1.16.0/emcc -o conftest    -lm conftest.c  >&5
conftest.c:54:6: warning: incompatible redeclaration of library function 'memcpy' [-Wincompatible-library-redeclaration]
char memcpy ();
     ^
conftest.c:54:6: note: 'memcpy' is a builtin with type 'void *(void *, const void *, unsigned long)'
1 warning generated.
configure:4565: $? = 0
configure:4565: result: yes
configure:4565: checking for memmove
configure:4565: /Users/tlinton/Library/Emscripten/emscripten/1.16.0/emcc -o conftest    -lm conftest.c  >&5
conftest.c:55:6: warning: incompatible redeclaration of library function 'memmove' [-Wincompatible-library-redeclaration]
char memmove ();
     ^
conftest.c:55:6: note: 'memmove' is a builtin with type 'void *(void *, const void *, unsigned long)'
1 warning generated.
configure:4565: $? = 0
configure:4565: result: yes
configure:4588: checking gcc compiler flag -pedantic to assure ANSI C works correctly
configure:4605: /Users/tlinton/Library/Emscripten/emscripten/1.16.0/emcc -c   -pedantic  conftest.c >&5
configure:4605: $? = 0
configure:4607: result: ok, add it to XX_ANSIFLAGS
configure:4588: checking gcc compiler flag -ansi to assure ANSI C works correctly
configure:4605: /Users/tlinton/Library/Emscripten/emscripten/1.16.0/emcc -c   -pedantic -ansi  conftest.c >&5
configure:4605: $? = 0
configure:4607: result: ok, add it to XX_ANSIFLAGS
configure:4647: checking for gzsetparams in -lz
configure:4672: /Users/tlinton/Library/Emscripten/emscripten/1.16.0/emcc -o conftest    -lm conftest.c -lz   >&5
configure:4672: $? = 0
configure:4681: result: yes
configure:4684: checking zlib.h usability
configure:4684: /Users/tlinton/Library/Emscripten/emscripten/1.16.0/emcc -c   conftest.c >&5
configure:4684: $? = 0
configure:4684: result: yes
configure:4684: checking zlib.h presence
configure:4684: /Users/tlinton/Library/Emscripten/emscripten/1.16.0/emcc -E  conftest.c
configure:4684: $? = 0
configure:4684: result: yes
configure:4684: checking for zlib.h
configure:4684: result: yes
configure:4707: checking for BZ2_bzDecompress in -lbz2
configure:4732: /Users/tlinton/Library/Emscripten/emscripten/1.16.0/emcc -o conftest    -lm conftest.c -lbz2   >&5
configure:4732: $? = 0
configure:4741: result: yes
configure:4744: checking bzlib.h usability
configure:4744: /Users/tlinton/Library/Emscripten/emscripten/1.16.0/emcc -c   conftest.c >&5
conftest.c:66:10: fatal error: 'bzlib.h' file not found
#include <bzlib.h>
         ^
1 error generated.
configure:4744: $? = 1
configure: failed program was:
| /* confdefs.h */
| #define PACKAGE_NAME "FreeType"
| #define PACKAGE_TARNAME "freetype"
| #define PACKAGE_VERSION "2.4.11"
| #define PACKAGE_STRING "FreeType 2.4.11"
| #define PACKAGE_BUGREPORT "freetype@nongnu.org"
| #define PACKAGE_URL ""
| #define STDC_HEADERS 1
| #define HAVE_SYS_TYPES_H 1
| #define HAVE_SYS_STAT_H 1
| #define HAVE_STDLIB_H 1
| #define HAVE_STRING_H 1
| #define HAVE_MEMORY_H 1
| #define HAVE_STRINGS_H 1
| #define HAVE_INTTYPES_H 1
| #define HAVE_STDINT_H 1
| #define HAVE_UNISTD_H 1
| #define HAVE_FCNTL_H 1
| #define HAVE_UNISTD_H 1
| #define SIZEOF_INT 4
| #define SIZEOF_LONG 8
| #define FT_USE_AUTOCONF_SIZEOF_TYPES /**/
| #define HAVE_STDLIB_H 1
| #define HAVE_UNISTD_H 1
| #define HAVE_SYS_PARAM_H 1
| #define HAVE_GETPAGESIZE 1
| #define HAVE_MMAP 1
| #define HAVE_DECL_MUNMAP 1
| #define MUNMAP_USES_VOIDP /**/
| #define HAVE_MEMCPY 1
| #define HAVE_MEMMOVE 1
| /* end confdefs.h.  */
| #include <stdio.h>
| #ifdef HAVE_SYS_TYPES_H
| # include <sys/types.h>
| #endif
| #ifdef HAVE_SYS_STAT_H
| # include <sys/stat.h>
| #endif
| #ifdef STDC_HEADERS
| # include <stdlib.h>
| # include <stddef.h>
| #else
| # ifdef HAVE_STDLIB_H
| #  include <stdlib.h>
| # endif
| #endif
| #ifdef HAVE_STRING_H
| # if !defined STDC_HEADERS && defined HAVE_MEMORY_H
| #  include <memory.h>
| # endif
| # include <string.h>
| #endif
| #ifdef HAVE_STRINGS_H
| # include <strings.h>
| #endif
| #ifdef HAVE_INTTYPES_H
| # include <inttypes.h>
| #endif
| #ifdef HAVE_STDINT_H
| # include <stdint.h>
| #endif
| #ifdef HAVE_UNISTD_H
| # include <unistd.h>
| #endif
| #include <bzlib.h>
configure:4744: result: no
configure:4744: checking bzlib.h presence
configure:4744: /Users/tlinton/Library/Emscripten/emscripten/1.16.0/emcc -E  conftest.c
conftest.c:33:10: fatal error: 'bzlib.h' file not found
#include <bzlib.h>
         ^
1 error generated.
configure:4744: $? = 1
configure: failed program was:
| /* confdefs.h */
| #define PACKAGE_NAME "FreeType"
| #define PACKAGE_TARNAME "freetype"
| #define PACKAGE_VERSION "2.4.11"
| #define PACKAGE_STRING "FreeType 2.4.11"
| #define PACKAGE_BUGREPORT "freetype@nongnu.org"
| #define PACKAGE_URL ""
| #define STDC_HEADERS 1
| #define HAVE_SYS_TYPES_H 1
| #define HAVE_SYS_STAT_H 1
| #define HAVE_STDLIB_H 1
| #define HAVE_STRING_H 1
| #define HAVE_MEMORY_H 1
| #define HAVE_STRINGS_H 1
| #define HAVE_INTTYPES_H 1
| #define HAVE_STDINT_H 1
| #define HAVE_UNISTD_H 1
| #define HAVE_FCNTL_H 1
| #define HAVE_UNISTD_H 1
| #define SIZEOF_INT 4
| #define SIZEOF_LONG 8
| #define FT_USE_AUTOCONF_SIZEOF_TYPES /**/
| #define HAVE_STDLIB_H 1
| #define HAVE_UNISTD_H 1
| #define HAVE_SYS_PARAM_H 1
| #define HAVE_GETPAGESIZE 1
| #define HAVE_MMAP 1
| #define HAVE_DECL_MUNMAP 1
| #define MUNMAP_USES_VOIDP /**/
| #define HAVE_MEMCPY 1
| #define HAVE_MEMMOVE 1
| /* end confdefs.h.  */
| #include <bzlib.h>
configure:4744: result: no
configure:4744: checking for bzlib.h
configure:4744: result: no
configure:5389: checking how to print strings
configure:5416: result: printf
configure:5437: checking for a sed that does not truncate output
configure:5501: result: /usr/bin/sed
configure:5519: checking for fgrep
configure:5581: result: /usr/bin/grep -F
configure:5616: checking for ld used by /Users/tlinton/Library/Emscripten/emscripten/1.16.0/emcc
configure:5683: result: /Users/tlinton/Library/Emscripten/emscripten/1.16.0/emcc
configure:5690: checking if the linker (/Users/tlinton/Library/Emscripten/emscripten/1.16.0/emcc) is GNU ld
configure:5705: result: yes
configure:5717: checking for BSD- or MS-compatible name lister (nm)
configure:5766: result: /usr/bin/nm
configure:5896: checking the name lister (/usr/bin/nm) interface
configure:5903: /Users/tlinton/Library/Emscripten/emscripten/1.16.0/emcc -c  -DDARWIN_NO_CARBON  conftest.c >&5
configure:5906: /usr/bin/nm "conftest.o"
configure:5909: output
0000000000000000 S _some_variable
configure:5916: result: BSD nm
configure:5919: checking whether ln -s works
configure:5923: result: yes
configure:5931: checking the maximum length of command line arguments
configure:6061: result: 196608
configure:6078: checking whether the shell understands some XSI constructs
configure:6088: result: yes
configure:6092: checking whether the shell understands "+="
configure:6098: result: yes
configure:6133: checking how to convert x86_64-apple-darwin13.1.0 file names to x86_64-apple-darwin13.1.0 format
configure:6173: result: func_convert_file_noop
configure:6180: checking how to convert x86_64-apple-darwin13.1.0 file names to toolchain format
configure:6200: result: func_convert_file_noop
configure:6207: checking for /Users/tlinton/Library/Emscripten/emscripten/1.16.0/emcc option to reload object files
configure:6214: result: -r
configure:6288: checking for objdump
configure:6318: result: no
configure:6344: checking how to recognize dependent libraries
configure:6546: result: pass_all
configure:6631: checking for dlltool
configure:6661: result: no
configure:6688: checking how to associate runtime and link libraries
configure:6715: result: printf %s\n
configure:6839: checking for archiver @FILE support
configure:6856: /Users/tlinton/Library/Emscripten/emscripten/1.16.0/emcc -c  -DDARWIN_NO_CARBON  conftest.c >&5
configure:6856: $? = 0
configure:6859: /Users/tlinton/Library/Emscripten/emscripten/1.16.0/emar cru libconftest.a @conftest.lst >&5
configure:6862: $? = 0
configure:6867: /Users/tlinton/Library/Emscripten/emscripten/1.16.0/emar cru libconftest.a @conftest.lst >&5
/Users/tlinton/Library/Emscripten/clang/e1.16.0_64bit/llvm-ar: File does not exist: conftest.o

configure:6870: $? = 0
configure:6882: result: no
configure:6940: checking for strip
configure:6956: found /usr/bin/strip
configure:6967: result: strip
configure:7039: checking for ranlib
configure:7066: result: /Users/tlinton/Library/Emscripten/emscripten/1.16.0/emranlib
configure:7143: checking for gawk
configure:7173: result: no
configure:7143: checking for mawk
configure:7173: result: no
configure:7143: checking for nawk
configure:7173: result: no
configure:7143: checking for awk
configure:7159: found /usr/bin/awk
configure:7170: result: awk
configure:7210: checking command to parse /usr/bin/nm output from /Users/tlinton/Library/Emscripten/emscripten/1.16.0/emcc object
configure:7330: /Users/tlinton/Library/Emscripten/emscripten/1.16.0/emcc -c  -DDARWIN_NO_CARBON  conftest.c >&5
configure:7333: $? = 0
configure:7337: /usr/bin/nm conftest.o \| sed -n -e 's/^.*[ ]\([BCDEGRST][BCDEGRST]*\)[ ][ ]*\([_A-Za-z][_A-Za-z0-9]*\)$/\1 \2 \2/p' | sed '/ __gnu_lto/d' \> conftest.nm
configure:7340: $? = 0
cannot find nm_test_var in conftest.nm
configure:7330: /Users/tlinton/Library/Emscripten/emscripten/1.16.0/emcc -c  -DDARWIN_NO_CARBON  conftest.c >&5
configure:7333: $? = 0
configure:7337: /usr/bin/nm conftest.o \| sed -n -e 's/^.*[ ]\([BCDEGRST][BCDEGRST]*\)[ ][ ]*_\([_A-Za-z][_A-Za-z0-9]*\)$/\1 _\2 \2/p' | sed '/ __gnu_lto/d' \> conftest.nm
configure:7340: $? = 0
configure:7406: /Users/tlinton/Library/Emscripten/emscripten/1.16.0/emcc -o conftest  -DDARWIN_NO_CARBON   -lm conftest.c conftstm.o >&5
configure:7409: $? = 0
configure:7447: result: ok
configure:7484: checking for sysroot
configure:7514: result: no
configure:7770: checking for mt
configure:7800: result: no
configure:7820: checking if : is a manifest tool
configure:7826: : '-?'
configure:7834: result: no
configure:7890: checking for dsymutil
configure:7906: found /usr/bin/dsymutil
configure:7917: result: dsymutil
configure:7982: checking for nmedit
configure:7998: found /usr/bin/nmedit
configure:8009: result: nmedit
configure:8074: checking for lipo
configure:8090: found /usr/bin/lipo
configure:8101: result: lipo
configure:8166: checking for otool
configure:8182: found /usr/bin/otool
configure:8193: result: otool
configure:8258: checking for otool64
configure:8288: result: no
configure:8333: checking for -single_module linker flag
/Users/tlinton/Library/Emscripten/emscripten/1.16.0/emcc  -DDARWIN_NO_CARBON  -lm -o libconftest.dylib -dynamiclib -Wl,-single_module conftest.c
configure:8366: result: yes
configure:8369: checking for -exported_symbols_list linker flag
configure:8389: /Users/tlinton/Library/Emscripten/emscripten/1.16.0/emcc -o conftest  -DDARWIN_NO_CARBON   -lm -Wl,-exported_symbols_list,conftest.sym conftest.c  >&5
configure:8389: $? = 0
configure:8399: result: yes
configure:8402: checking for -force_load linker flag
/Users/tlinton/Library/Emscripten/emscripten/1.16.0/emcc  -DDARWIN_NO_CARBON -c -o conftest.o conftest.c
/Users/tlinton/Library/Emscripten/emscripten/1.16.0/emar cru libconftest.a conftest.o
/Users/tlinton/Library/Emscripten/emscripten/1.16.0/emranlib libconftest.a
/Users/tlinton/Library/Emscripten/emscripten/1.16.0/emcc  -DDARWIN_NO_CARBON  -lm -o conftest conftest.c -Wl,-force_load,./libconftest.a
ld: warning: ignoring file ./libconftest.a, file was built for archive which is not the architecture being linked (x86_64): ./libconftest.a
configure:8434: result: no
configure:8473: checking for dlfcn.h
configure:8473: /Users/tlinton/Library/Emscripten/emscripten/1.16.0/emcc -c  -DDARWIN_NO_CARBON  conftest.c >&5
configure:8473: $? = 0
configure:8473: result: yes
configure:8977: checking for objdir
configure:8992: result: .libs
configure:9259: checking if /Users/tlinton/Library/Emscripten/emscripten/1.16.0/emcc supports -fno-rtti -fno-exceptions
configure:9277: /Users/tlinton/Library/Emscripten/emscripten/1.16.0/emcc -c  -DDARWIN_NO_CARBON  -fno-rtti -fno-exceptions conftest.c >&5
configure:9281: $? = 0
configure:9294: result: yes
configure:9621: checking for /Users/tlinton/Library/Emscripten/emscripten/1.16.0/emcc option to produce PIC
configure:9628: result: -fno-common -DPIC
configure:9636: checking if /Users/tlinton/Library/Emscripten/emscripten/1.16.0/emcc PIC flag -fno-common -DPIC works
configure:9654: /Users/tlinton/Library/Emscripten/emscripten/1.16.0/emcc -c  -DDARWIN_NO_CARBON  -fno-common -DPIC -DPIC conftest.c >&5
configure:9658: $? = 0
configure:9671: result: yes
configure:9700: checking if /Users/tlinton/Library/Emscripten/emscripten/1.16.0/emcc static flag -static works
configure:9728: result: no
configure:9743: checking if /Users/tlinton/Library/Emscripten/emscripten/1.16.0/emcc supports -c -o file.o
configure:9764: /Users/tlinton/Library/Emscripten/emscripten/1.16.0/emcc -c  -DDARWIN_NO_CARBON  -o out/conftest2.o conftest.c >&5
configure:9768: $? = 0
configure:9790: result: yes
configure:9798: checking if /Users/tlinton/Library/Emscripten/emscripten/1.16.0/emcc supports -c -o file.o
configure:9845: result: yes
configure:9878: checking whether the /Users/tlinton/Library/Emscripten/emscripten/1.16.0/emcc linker (/Users/tlinton/Library/Emscripten/emscripten/1.16.0/emcc) supports shared libraries
configure:11031: result: yes
configure:11068: checking whether -lc should be explicitly linked in
configure:11076: /Users/tlinton/Library/Emscripten/emscripten/1.16.0/emcc -c  -DDARWIN_NO_CARBON  conftest.c >&5
configure:11079: $? = 0
configure:11094: /Users/tlinton/Library/Emscripten/emscripten/1.16.0/emcc -shared  -fno-common -DPIC conftest.o  -v -Wl,-soname -Wl,conftest -o conftest 2\>\&1 \| /usr/bin/grep  -lc  \>/dev/null 2\>\&1
configure:11097: $? = 1
configure:11111: result: yes
configure:11271: checking dynamic linker characteristics
configure:12004: result: darwin13.1.0 dyld
configure:12111: checking how to hardcode library paths into programs
configure:12136: result: immediate
configure:12676: checking whether stripping libraries is possible
configure:12690: result: yes
configure:12716: checking if libtool supports shared libraries
configure:12718: result: yes
configure:12721: checking whether to build shared libraries
configure:12742: result: yes
configure:12745: checking whether to build static libraries
configure:12749: result: yes
configure:12938: creating ./config.status

## ---------------------- ##
## Running config.status. ##
## ---------------------- ##

This file was extended by FreeType config.status 2.4.11, which was
generated by GNU Autoconf 2.69.  Invocation command line was

  CONFIG_FILES    = 
  CONFIG_HEADERS  = 
  CONFIG_LINKS    = 
  CONFIG_COMMANDS = 
  $ ./config.status 

on Trevors-MacBook-Pro-2.local

config.status:1073: creating unix-cc.mk
config.status:1073: creating unix-def.mk
config.status:1073: creating freetype-config
config.status:1073: creating freetype2.pc
config.status:1073: creating ftconfig.h
config.status:1262: executing libtool commands

## ---------------- ##
## Cache variables. ##
## ---------------- ##

ac_cv_build=x86_64-apple-darwin13.1.0
ac_cv_c_compiler_gnu=yes
ac_cv_c_const=yes
ac_cv_env_CC_set=set
ac_cv_env_CC_value=/Users/tlinton/Library/Emscripten/emscripten/1.16.0/emcc
ac_cv_env_CFLAGS_set=set
ac_cv_env_CFLAGS_value=
ac_cv_env_CPPFLAGS_set=
ac_cv_env_CPPFLAGS_value=
ac_cv_env_CPP_set=
ac_cv_env_CPP_value=
ac_cv_env_LDFLAGS_set=set
ac_cv_env_LDFLAGS_value=' -lm'
ac_cv_env_LIBS_set=
ac_cv_env_LIBS_value=
ac_cv_env_build_alias_set=
ac_cv_env_build_alias_value=
ac_cv_env_host_alias_set=
ac_cv_env_host_alias_value=
ac_cv_env_target_alias_set=
ac_cv_env_target_alias_value=
ac_cv_func_getpagesize=yes
ac_cv_func_memcpy=yes
ac_cv_func_memmove=yes
ac_cv_func_mmap_fixed_mapped=yes
ac_cv_have_decl_munmap=yes
ac_cv_header_bzlib_h=no
ac_cv_header_dlfcn_h=yes
ac_cv_header_fcntl_h=yes
ac_cv_header_inttypes_h=yes
ac_cv_header_memory_h=yes
ac_cv_header_stdc=yes
ac_cv_header_stdint_h=yes
ac_cv_header_stdlib_h=yes
ac_cv_header_string_h=yes
ac_cv_header_strings_h=yes
ac_cv_header_sys_param_h=yes
ac_cv_header_sys_stat_h=yes
ac_cv_header_sys_types_h=yes
ac_cv_header_unistd_h=yes
ac_cv_header_zlib_h=yes
ac_cv_host=x86_64-apple-darwin13.1.0
ac_cv_lib_bz2_BZ2_bzDecompress=yes
ac_cv_lib_z_gzsetparams=yes
ac_cv_objext=o
ac_cv_path_EGREP='/usr/bin/grep -E'
ac_cv_path_FGREP='/usr/bin/grep -F'
ac_cv_path_GREP=/usr/bin/grep
ac_cv_path_SED=/usr/bin/sed
ac_cv_path_install='/usr/bin/install -c'
ac_cv_prog_AWK=awk
ac_cv_prog_CPP='/Users/tlinton/Library/Emscripten/emscripten/1.16.0/emcc -E'
ac_cv_prog_RMDIR=rmdir
ac_cv_prog_ac_ct_CC=/Users/tlinton/Library/Emscripten/emscripten/1.16.0/emcc
ac_cv_prog_ac_ct_DSYMUTIL=dsymutil
ac_cv_prog_ac_ct_LIPO=lipo
ac_cv_prog_ac_ct_NMEDIT=nmedit
ac_cv_prog_ac_ct_OTOOL=otool
ac_cv_prog_ac_ct_RANLIB=/Users/tlinton/Library/Emscripten/emscripten/1.16.0/emranlib
ac_cv_prog_ac_ct_STRIP=strip
ac_cv_prog_cc_c89=
ac_cv_prog_cc_g=yes
ac_cv_sizeof_int=4
ac_cv_sizeof_long=8
lt_cv_apple_cc_single_mod=yes
lt_cv_ar_at_file=no
lt_cv_archive_cmds_need_lc=yes
lt_cv_deplibs_check_method=pass_all
lt_cv_file_magic_cmd='$MAGIC_CMD'
lt_cv_file_magic_test_file=
lt_cv_ld_exported_symbols_list=yes
lt_cv_ld_force_load=no
lt_cv_ld_reload_flag=-r
lt_cv_nm_interface='BSD nm'
lt_cv_objdir=.libs
lt_cv_path_LD=/Users/tlinton/Library/Emscripten/emscripten/1.16.0/emcc
lt_cv_path_NM=/usr/bin/nm
lt_cv_path_mainfest_tool=no
lt_cv_prog_compiler_c_o=yes
lt_cv_prog_compiler_pic='-fno-common -DPIC'
lt_cv_prog_compiler_pic_works=yes
lt_cv_prog_compiler_rtti_exceptions=yes
lt_cv_prog_compiler_static_works=no
lt_cv_prog_gnu_ld=yes
lt_cv_sharedlib_from_linklib_cmd='printf %s\n'
lt_cv_sys_global_symbol_pipe='sed -n -e '\''s/^.*[	 ]\([BCDEGRST][BCDEGRST]*\)[	 ][	 ]*_\([_A-Za-z][_A-Za-z0-9]*\)$/\1 _\2 \2/p'\'' | sed '\''/ __gnu_lto/d'\'''
lt_cv_sys_global_symbol_to_c_name_address='sed -n -e '\''s/^: \([^ ]*\)[ ]*$/  {\"\1\", (void *) 0},/p'\'' -e '\''s/^[BCDEGRST]* \([^ ]*\) \([^ ]*\)$/  {"\2", (void *) \&\2},/p'\'''
lt_cv_sys_global_symbol_to_c_name_address_lib_prefix='sed -n -e '\''s/^: \([^ ]*\)[ ]*$/  {\"\1\", (void *) 0},/p'\'' -e '\''s/^[BCDEGRST]* \([^ ]*\) \(lib[^ ]*\)$/  {"\2", (void *) \&\2},/p'\'' -e '\''s/^[BCDEGRST]* \([^ ]*\) \([^ ]*\)$/  {"lib\2", (void *) \&\2},/p'\'''
lt_cv_sys_global_symbol_to_cdecl='sed -n -e '\''s/^T .* \(.*\)$/extern int \1();/p'\'' -e '\''s/^[BCDEGRST]* .* \(.*\)$/extern char \1;/p'\'''
lt_cv_sys_max_cmd_len=196608
lt_cv_to_host_file_cmd=func_convert_file_noop
lt_cv_to_tool_file_cmd=func_convert_file_noop

## ----------------- ##
## Output variables. ##
## ----------------- ##

AR='/Users/tlinton/Library/Emscripten/emscripten/1.16.0/emar'
AS='as'
AWK='awk'
CC='/Users/tlinton/Library/Emscripten/emscripten/1.16.0/emcc'
CC_BUILD='/Users/tlinton/Library/Emscripten/emscripten/1.16.0/emcc'
CFLAGS=' -DDARWIN_NO_CARBON -DFT_CONFIG_OPTION_SYSTEM_ZLIB'
CPP='/Users/tlinton/Library/Emscripten/emscripten/1.16.0/emcc -E'
CPPFLAGS=''
DEFS='-DHAVE_CONFIG_H'
DLLTOOL='false'
DSYMUTIL='dsymutil'
DUMPBIN=''
ECHO_C='\c'
ECHO_N=''
ECHO_T=''
EGREP='/usr/bin/grep -E'
EXEEXT=''
EXEEXT_BUILD=''
FGREP='/usr/bin/grep -F'
FT2_EXTRA_LIBS=''
FTSYS_SRC='$(BUILD_DIR)/ftsystem.c'
GREP='/usr/bin/grep'
INSTALL_DATA='${INSTALL} -m 644'
INSTALL_PROGRAM='${INSTALL}'
INSTALL_SCRIPT='${INSTALL}'
LD='/Users/tlinton/Library/Emscripten/emscripten/1.16.0/emcc'
LDFLAGS=' -lm -lz'
LIBBZ2=''
LIBOBJS=''
LIBS=''
LIBTOOL='$(SHELL) $(top_builddir)/libtool'
LIBZ='-lz'
LIPO='lipo'
LN_S='ln -s'
LTLIBOBJS=''
MANIFEST_TOOL=':'
NM='/usr/bin/nm'
NMEDIT='nmedit'
OBJDUMP='false'
OBJEXT='o'
OTOOL64=':'
OTOOL='otool'
PACKAGE_BUGREPORT='freetype@nongnu.org'
PACKAGE_NAME='FreeType'
PACKAGE_STRING='FreeType 2.4.11'
PACKAGE_TARNAME='freetype'
PACKAGE_URL=''
PACKAGE_VERSION='2.4.11'
PATH_SEPARATOR=':'
RANLIB='/Users/tlinton/Library/Emscripten/emscripten/1.16.0/emranlib'
RMDIR='rmdir'
SED='/usr/bin/sed'
SHELL='/bin/sh'
STRIP='strip'
SYSTEM_ZLIB='yes'
XX_ANSIFLAGS=' -pedantic -ansi'
XX_CFLAGS='-Wall'
ac_ct_AR=''
ac_ct_CC='/Users/tlinton/Library/Emscripten/emscripten/1.16.0/emcc'
ac_ct_DUMPBIN=''
bindir='${exec_prefix}/bin'
build='x86_64-apple-darwin13.1.0'
build_alias=''
build_cpu='x86_64'
build_libtool_libs=''
build_os='darwin13.1.0'
build_vendor='apple'
datadir='${datarootdir}'
datarootdir='${prefix}/share'
docdir='${datarootdir}/doc/${PACKAGE_TARNAME}'
dvidir='${docdir}'
exec_prefix='${prefix}'
ft_version='16.0.10'
ftmac_c=''
hardcode_libdir_flag_spec='${wl}-rpath ${wl}$libdir'
host='x86_64-apple-darwin13.1.0'
host_alias=''
host_cpu='x86_64'
host_os='darwin13.1.0'
host_vendor='apple'
htmldir='${docdir}'
includedir='${prefix}/include'
infodir='${datarootdir}/info'
libdir='${exec_prefix}/lib'
libexecdir='${exec_prefix}/libexec'
localedir='${datarootdir}/locale'
localstatedir='${prefix}/var'
mandir='${datarootdir}/man'
oldincludedir='/usr/include'
pdfdir='${docdir}'
prefix='/usr/local'
program_transform_name='s,x,x,'
psdir='${docdir}'
sbindir='${exec_prefix}/sbin'
sharedstatedir='${prefix}/com'
sysconfdir='${prefix}/etc'
target_alias=''
version_info='16:0:10'
wl='-Wl,'

## ----------- ##
## confdefs.h. ##
## ----------- ##

/* confdefs.h */
#define PACKAGE_NAME "FreeType"
#define PACKAGE_TARNAME "freetype"
#define PACKAGE_VERSION "2.4.11"
#define PACKAGE_STRING "FreeType 2.4.11"
#define PACKAGE_BUGREPORT "freetype@nongnu.org"
#define PACKAGE_URL ""
#define STDC_HEADERS 1
#define HAVE_SYS_TYPES_H 1
#define HAVE_SYS_STAT_H 1
#define HAVE_STDLIB_H 1
#define HAVE_STRING_H 1
#define HAVE_MEMORY_H 1
#define HAVE_STRINGS_H 1
#define HAVE_INTTYPES_H 1
#define HAVE_STDINT_H 1
#define HAVE_UNISTD_H 1
#define HAVE_FCNTL_H 1
#define HAVE_UNISTD_H 1
#define SIZEOF_INT 4
#define SIZEOF_LONG 8
#define FT_USE_AUTOCONF_SIZEOF_TYPES /**/
#define HAVE_STDLIB_H 1
#define HAVE_UNISTD_H 1
#define HAVE_SYS_PARAM_H 1
#define HAVE_GETPAGESIZE 1
#define HAVE_MMAP 1
#define HAVE_DECL_MUNMAP 1
#define MUNMAP_USES_VOIDP /**/
#define HAVE_MEMCPY 1
#define HAVE_MEMMOVE 1
#define HAVE_DLFCN_H 1
#define LT_OBJDIR ".libs/"

configure: exit 0
